This file contains any messages produced by compilers while
running configure, to aid debugging if configure makes a mistake.

It was created by LZO configure 2.05, which was
generated by GNU Autoconf 2.67.  Invocation command line was

  $ ./configure --prefix=/exports/work/inf_dir/jobs/PRACTICAL.3.0/lzo-2.05/bin

## --------- ##
## Platform. ##
## --------- ##

hostname = frontend05
uname -m = x86_64
uname -r = 2.6.32-431.20.3.el6.x86_64
uname -s = Linux
uname -v = #1 SMP Thu Jun 19 14:01:59 CDT 2014

/usr/bin/uname -p = unknown
/bin/uname -X     = unknown

/bin/arch              = x86_64
/usr/bin/arch -k       = unknown
/usr/convex/getsysinfo = unknown
/usr/bin/hostinfo      = unknown
/bin/machine           = unknown
/usr/bin/oslevel       = unknown
/bin/universe          = unknown

PATH: /exports/applications/apps/SL6/MPI/mpich2/2.1.5/bin
PATH: /exports/applications/gridengine/8.0.0e/sbin/lx-amd64
PATH: /exports/applications/gridengine/8.0.0e/bin/lx-amd64
PATH: /usr/lpp/mmfs/bin
PATH: /usr/local/bin
PATH: /bin
PATH: /usr/bin
PATH: /usr/local/sbin
PATH: /usr/sbin
PATH: /sbin
PATH: /exports/home/rfilguei/bin


## ----------- ##
## Core tests. ##
## ----------- ##

configure:2440: Configuring LZO 2.05
configure:2477: checking build system type
configure:2491: result: x86_64-unknown-linux-gnu
configure:2511: checking host system type
configure:2524: result: x86_64-unknown-linux-gnu
configure:2544: checking target system type
configure:2557: result: x86_64-unknown-linux-gnu
configure:2584: checking whether to enable maintainer-specific portions of Makefiles
configure:2593: result: no
configure:2698: checking for gcc
configure:2714: found /usr/bin/gcc
configure:2725: result: gcc
configure:2954: checking for C compiler version
configure:2963: gcc --version >&5
gcc (GCC) 4.4.7 20120313 (Red Hat 4.4.7-4)
Copyright (C) 2010 Free Software Foundation, Inc.
This is free software; see the source for copying conditions.  There is NO
warranty; not even for MERCHANTABILITY or FITNESS FOR A PARTICULAR PURPOSE.

configure:2974: $? = 0
configure:2963: gcc -v >&5
Using built-in specs.
Target: x86_64-redhat-linux
Configured with: ../configure --prefix=/usr --mandir=/usr/share/man --infodir=/usr/share/info --with-bugurl=http://bugzilla.redhat.com/bugzilla --enable-bootstrap --enable-shared --enable-threads=posix --enable-checking=release --with-system-zlib --enable-__cxa_atexit --disable-libunwind-exceptions --enable-gnu-unique-object --enable-languages=c,c++,objc,obj-c++,java,fortran,ada --enable-java-awt=gtk --disable-dssi --with-java-home=/usr/lib/jvm/java-1.5.0-gcj-1.5.0.0/jre --enable-libgcj-multifile --enable-java-maintainer-mode --with-ecj-jar=/usr/share/java/eclipse-ecj.jar --disable-libjava-multilib --with-ppl --with-cloog --with-tune=generic --with-arch_32=i686 --build=x86_64-redhat-linux
Thread model: posix
gcc version 4.4.7 20120313 (Red Hat 4.4.7-4) (GCC) 
configure:2974: $? = 0
configure:2963: gcc -V >&5
gcc: '-V' option must have argument
configure:2974: $? = 1
configure:2963: gcc -qversion >&5
gcc: unrecognized option '-qversion'
gcc: no input files
configure:2974: $? = 1
configure:2994: checking whether the C compiler works
configure:3016: gcc    conftest.c  >&5
configure:3020: $? = 0
configure:3068: result: yes
configure:3071: checking for C compiler default output file name
configure:3073: result: a.out
configure:3079: checking for suffix of executables
configure:3086: gcc -o conftest    conftest.c  >&5
configure:3090: $? = 0
configure:3112: result: 
configure:3134: checking whether we are cross compiling
configure:3142: gcc -o conftest    conftest.c  >&5
configure:3146: $? = 0
configure:3153: ./conftest
configure:3157: $? = 0
configure:3172: result: no
configure:3177: checking for suffix of object files
configure:3199: gcc -c   conftest.c >&5
configure:3203: $? = 0
configure:3224: result: o
configure:3228: checking whether we are using the GNU C compiler
configure:3247: gcc -c   conftest.c >&5
configure:3247: $? = 0
configure:3256: result: yes
configure:3265: checking whether gcc accepts -g
configure:3285: gcc -c -g  conftest.c >&5
configure:3285: $? = 0
configure:3326: result: yes
configure:3343: checking for gcc option to accept ISO C89
configure:3407: gcc  -c -g -O2  conftest.c >&5
configure:3407: $? = 0
configure:3420: result: none needed
configure:3441: checking whether gcc and cc understand -c and -o together
configure:3472: gcc -c conftest.c -o conftest2.o >&5
configure:3476: $? = 0
configure:3482: gcc -c conftest.c -o conftest2.o >&5
configure:3486: $? = 0
configure:3497: cc -c conftest.c >&5
configure:3501: $? = 0
configure:3509: cc -c conftest.c -o conftest2.o >&5
configure:3513: $? = 0
configure:3519: cc -c conftest.c -o conftest2.o >&5
configure:3523: $? = 0
configure:3541: result: yes
configure:3590: checking for style of include used by make
configure:3618: result: GNU
configure:3649: checking dependency style of gcc
configure:3757: result: gcc3
configure:3777: checking how to run the C preprocessor
configure:3808: gcc -E  conftest.c
configure:3808: $? = 0
configure:3822: gcc -E  conftest.c
conftest.c:9:28: error: ac_nonexistent.h: No such file or directory
configure:3822: $? = 1
configure: failed program was:
| /* confdefs.h */
| #define PACKAGE_NAME "LZO"
| #define PACKAGE_TARNAME "lzo"
| #define PACKAGE_VERSION "2.05"
| #define PACKAGE_STRING "LZO 2.05"
| #define PACKAGE_BUGREPORT "markus@oberhumer.com"
| #define PACKAGE_URL "http://www.oberhumer.com/opensource/lzo/"
| /* end confdefs.h.  */
| #include <ac_nonexistent.h>
configure:3847: result: gcc -E
configure:3867: gcc -E  conftest.c
configure:3867: $? = 0
configure:3881: gcc -E  conftest.c
conftest.c:9:28: error: ac_nonexistent.h: No such file or directory
configure:3881: $? = 1
configure: failed program was:
| /* confdefs.h */
| #define PACKAGE_NAME "LZO"
| #define PACKAGE_TARNAME "lzo"
| #define PACKAGE_VERSION "2.05"
| #define PACKAGE_STRING "LZO 2.05"
| #define PACKAGE_BUGREPORT "markus@oberhumer.com"
| #define PACKAGE_URL "http://www.oberhumer.com/opensource/lzo/"
| /* end confdefs.h.  */
| #include <ac_nonexistent.h>
configure:3910: checking whether the C preprocessor needs special flags
configure:3939: gcc -c -g -O2   conftest.c >&5
configure:3939: $? = 0
configure:3949: result: none needed
configure:3964: checking for an ANSI C-conforming const
configure:4029: gcc -c -g -O2  conftest.c >&5
configure:4029: $? = 0
configure:4036: result: yes
configure:4045: checking for grep that handles long lines and -e
configure:4103: result: /bin/grep
configure:4108: checking for egrep
configure:4170: result: /bin/grep -E
configure:4175: checking for ANSI C header files
configure:4195: gcc -c -g -O2  conftest.c >&5
configure:4195: $? = 0
configure:4268: gcc -o conftest -g -O2   conftest.c  >&5
configure:4268: $? = 0
configure:4268: ./conftest
configure:4268: $? = 0
configure:4279: result: yes
configure:4292: checking for sys/types.h
configure:4292: gcc -c -g -O2  conftest.c >&5
configure:4292: $? = 0
configure:4292: result: yes
configure:4292: checking for sys/stat.h
configure:4292: gcc -c -g -O2  conftest.c >&5
configure:4292: $? = 0
configure:4292: result: yes
configure:4292: checking for stdlib.h
configure:4292: gcc -c -g -O2  conftest.c >&5
configure:4292: $? = 0
configure:4292: result: yes
configure:4292: checking for string.h
configure:4292: gcc -c -g -O2  conftest.c >&5
configure:4292: $? = 0
configure:4292: result: yes
configure:4292: checking for memory.h
configure:4292: gcc -c -g -O2  conftest.c >&5
configure:4292: $? = 0
configure:4292: result: yes
configure:4292: checking for strings.h
configure:4292: gcc -c -g -O2  conftest.c >&5
configure:4292: $? = 0
configure:4292: result: yes
configure:4292: checking for inttypes.h
configure:4292: gcc -c -g -O2  conftest.c >&5
configure:4292: $? = 0
configure:4292: result: yes
configure:4292: checking for stdint.h
configure:4292: gcc -c -g -O2  conftest.c >&5
configure:4292: $? = 0
configure:4292: result: yes
configure:4292: checking for unistd.h
configure:4292: gcc -c -g -O2  conftest.c >&5
configure:4292: $? = 0
configure:4292: result: yes
configure:4305: checking whether byte ordering is bigendian
configure:4320: gcc -c -g -O2  conftest.c >&5
conftest.c:20: error: expected '=', ',', ';', 'asm' or '__attribute__' before 'a'
configure:4320: $? = 1
configure: failed program was:
| /* confdefs.h */
| #define PACKAGE_NAME "LZO"
| #define PACKAGE_TARNAME "lzo"
| #define PACKAGE_VERSION "2.05"
| #define PACKAGE_STRING "LZO 2.05"
| #define PACKAGE_BUGREPORT "markus@oberhumer.com"
| #define PACKAGE_URL "http://www.oberhumer.com/opensource/lzo/"
| #define STDC_HEADERS 1
| #define HAVE_SYS_TYPES_H 1
| #define HAVE_SYS_STAT_H 1
| #define HAVE_STDLIB_H 1
| #define HAVE_STRING_H 1
| #define HAVE_MEMORY_H 1
| #define HAVE_STRINGS_H 1
| #define HAVE_INTTYPES_H 1
| #define HAVE_STDINT_H 1
| #define HAVE_UNISTD_H 1
| /* end confdefs.h.  */
| #ifndef __APPLE_CC__
| 	       not a universal capable compiler
| 	     #endif
| 	     typedef int dummy;
| 
configure:4365: gcc -c -g -O2  conftest.c >&5
configure:4365: $? = 0
configure:4383: gcc -c -g -O2  conftest.c >&5
conftest.c: In function 'main':
conftest.c:26: error: 'not' undeclared (first use in this function)
conftest.c:26: error: (Each undeclared identifier is reported only once
conftest.c:26: error: for each function it appears in.)
conftest.c:26: error: expected ';' before 'big'
configure:4383: $? = 1
configure: failed program was:
| /* confdefs.h */
| #define PACKAGE_NAME "LZO"
| #define PACKAGE_TARNAME "lzo"
| #define PACKAGE_VERSION "2.05"
| #define PACKAGE_STRING "LZO 2.05"
| #define PACKAGE_BUGREPORT "markus@oberhumer.com"
| #define PACKAGE_URL "http://www.oberhumer.com/opensource/lzo/"
| #define STDC_HEADERS 1
| #define HAVE_SYS_TYPES_H 1
| #define HAVE_SYS_STAT_H 1
| #define HAVE_STDLIB_H 1
| #define HAVE_STRING_H 1
| #define HAVE_MEMORY_H 1
| #define HAVE_STRINGS_H 1
| #define HAVE_INTTYPES_H 1
| #define HAVE_STDINT_H 1
| #define HAVE_UNISTD_H 1
| /* end confdefs.h.  */
| #include <sys/types.h>
| 		#include <sys/param.h>
| 
| int
| main ()
| {
| #if BYTE_ORDER != BIG_ENDIAN
| 		 not big endian
| 		#endif
| 
|   ;
|   return 0;
| }
configure:4511: result: no
configure:4540: checking for special C compiler options needed for large files
configure:4585: result: no
configure:4591: checking for _FILE_OFFSET_BITS value needed for large files
configure:4616: gcc -c -g -O2  conftest.c >&5
configure:4616: $? = 0
configure:4648: result: no
configure:4748: checking for a BSD-compatible install
configure:4816: result: /usr/bin/install -c
configure:4827: checking whether build environment is sane

## ---------------- ##
## Cache variables. ##
## ---------------- ##

ac_cv_build=x86_64-unknown-linux-gnu
ac_cv_c_bigendian=no
ac_cv_c_compiler_gnu=yes
ac_cv_c_const=yes
ac_cv_env_CCASFLAGS_set=
ac_cv_env_CCASFLAGS_value=
ac_cv_env_CCAS_set=
ac_cv_env_CCAS_value=
ac_cv_env_CC_set=
ac_cv_env_CC_value=
ac_cv_env_CFLAGS_set=
ac_cv_env_CFLAGS_value=
ac_cv_env_CPPFLAGS_set=
ac_cv_env_CPPFLAGS_value=
ac_cv_env_CPP_set=
ac_cv_env_CPP_value=
ac_cv_env_LDFLAGS_set=
ac_cv_env_LDFLAGS_value=
ac_cv_env_LIBS_set=
ac_cv_env_LIBS_value=
ac_cv_env_build_alias_set=
ac_cv_env_build_alias_value=
ac_cv_env_host_alias_set=
ac_cv_env_host_alias_value=
ac_cv_env_target_alias_set=
ac_cv_env_target_alias_value=
ac_cv_header_inttypes_h=yes
ac_cv_header_memory_h=yes
ac_cv_header_stdc=yes
ac_cv_header_stdint_h=yes
ac_cv_header_stdlib_h=yes
ac_cv_header_string_h=yes
ac_cv_header_strings_h=yes
ac_cv_header_sys_stat_h=yes
ac_cv_header_sys_types_h=yes
ac_cv_header_unistd_h=yes
ac_cv_host=x86_64-unknown-linux-gnu
ac_cv_objext=o
ac_cv_path_EGREP='/bin/grep -E'
ac_cv_path_GREP=/bin/grep
ac_cv_path_install='/usr/bin/install -c'
ac_cv_prog_CPP='gcc -E'
ac_cv_prog_ac_ct_CC=gcc
ac_cv_prog_cc_c89=
ac_cv_prog_cc_g=yes
ac_cv_prog_cc_gcc_c_o=yes
ac_cv_sys_file_offset_bits=no
ac_cv_sys_largefile_CC=no
ac_cv_target=x86_64-unknown-linux-gnu
am_cv_CCAS_dependencies_compiler_type=gcc3

## ----------------- ##
## Output variables. ##
## ----------------- ##

ACLOCAL=''
AMDEPBACKSLASH='\'
AMDEP_FALSE='#'
AMDEP_TRUE=''
AMTAR=''
AM_BACKSLASH=''
AM_DEFAULT_VERBOSITY=''
AR=''
AUTOCONF=''
AUTOHEADER=''
AUTOMAKE=''
AWK=''
CC='gcc'
CCAS='gcc'
CCASDEPMODE='depmode=gcc3'
CCASFLAGS='-g -O2'
CCDEPMODE=''
CFLAGS='-g -O2'
CPP='gcc -E'
CPPFLAGS=''
CYGPATH_W=''
DEFS=''
DEPDIR='.deps'
DSYMUTIL=''
DUMPBIN=''
ECHO_C=''
ECHO_N='-n'
ECHO_T=''
EGREP='/bin/grep -E'
EXEEXT=''
FGREP=''
GREP='/bin/grep'
INSTALL_DATA='${INSTALL} -m 644'
INSTALL_PROGRAM='${INSTALL}'
INSTALL_SCRIPT='${INSTALL}'
INSTALL_STRIP_PROGRAM=''
LD=''
LDFLAGS=''
LIBOBJS=''
LIBS=''
LIBTOOL=''
LIPO=''
LN_S=''
LTLIBOBJS=''
LZO_USE_ASM_i386_obj_elf32_FALSE=''
LZO_USE_ASM_i386_obj_elf32_TRUE=''
LZO_USE_ASM_i386_src_gas_FALSE=''
LZO_USE_ASM_i386_src_gas_TRUE=''
MAINT='#'
MAINTAINER_MODE_FALSE=''
MAINTAINER_MODE_TRUE='#'
MAKEINFO=''
MKDIR_P=''
NM=''
NMEDIT=''
OBJDUMP=''
OBJEXT='o'
OTOOL64=''
OTOOL=''
PACKAGE=''
PACKAGE_BUGREPORT='markus@oberhumer.com'
PACKAGE_NAME='LZO'
PACKAGE_STRING='LZO 2.05'
PACKAGE_TARNAME='lzo'
PACKAGE_URL='http://www.oberhumer.com/opensource/lzo/'
PACKAGE_VERSION='2.05'
PATH_SEPARATOR=':'
RANLIB=''
SED=''
SET_MAKE=''
SHELL='/bin/sh'
STRIP=''
VERSION=''
ac_ct_CC='gcc'
ac_ct_DUMPBIN=''
am__EXEEXT_FALSE=''
am__EXEEXT_TRUE=''
am__fastdepCCAS_FALSE='#'
am__fastdepCCAS_TRUE=''
am__fastdepCC_FALSE=''
am__fastdepCC_TRUE=''
am__include='include'
am__isrc=''
am__leading_dot='.'
am__quote=''
am__tar=''
am__untar=''
bindir='${exec_prefix}/bin'
build='x86_64-unknown-linux-gnu'
build_alias=''
build_cpu='x86_64'
build_os='linux-gnu'
build_vendor='unknown'
datadir='${datarootdir}'
datarootdir='${prefix}/share'
docdir='${datarootdir}/doc/${PACKAGE_TARNAME}'
dvidir='${docdir}'
exec_prefix='NONE'
host='x86_64-unknown-linux-gnu'
host_alias=''
host_cpu='x86_64'
host_os='linux-gnu'
host_vendor='unknown'
htmldir='${docdir}'
includedir='${prefix}/include'
infodir='${datarootdir}/info'
install_sh=''
libdir='${exec_prefix}/lib'
libexecdir='${exec_prefix}/libexec'
localedir='${datarootdir}/locale'
localstatedir='${prefix}/var'
mandir='${datarootdir}/man'
mkdir_p=''
oldincludedir='/usr/include'
pdfdir='${docdir}'
prefix='/exports/work/inf_dir/jobs/PRACTICAL.3.0/lzo-2.05/bin'
program_transform_name='s,x,x,'
psdir='${docdir}'
sbindir='${exec_prefix}/sbin'
sharedstatedir='${prefix}/com'
sysconfdir='${prefix}/etc'
target='x86_64-unknown-linux-gnu'
target_alias=''
target_cpu='x86_64'
target_os='linux-gnu'
target_vendor='unknown'

## ----------- ##
## confdefs.h. ##
## ----------- ##

/* confdefs.h */
#define PACKAGE_NAME "LZO"
#define PACKAGE_TARNAME "lzo"
#define PACKAGE_VERSION "2.05"
#define PACKAGE_STRING "LZO 2.05"
#define PACKAGE_BUGREPORT "markus@oberhumer.com"
#define PACKAGE_URL "http://www.oberhumer.com/opensource/lzo/"
#define STDC_HEADERS 1
#define HAVE_SYS_TYPES_H 1
#define HAVE_SYS_STAT_H 1
#define HAVE_STDLIB_H 1
#define HAVE_STRING_H 1
#define HAVE_MEMORY_H 1
#define HAVE_STRINGS_H 1
#define HAVE_INTTYPES_H 1
#define HAVE_STDINT_H 1
#define HAVE_UNISTD_H 1
#define LZO_ABI_LITTLE_ENDIAN 1

configure: caught signal 2
configure: exit 1
