This file contains any messages produced by compilers while
running configure, to aid debugging if configure makes a mistake.

It was created by LZO configure 2.05, which was
generated by GNU Autoconf 2.67.  Invocation command line was

  $ ./configure --prefix=/exports/work/inf_dir/jobs/PRACTICAL.3.0/lzo-2.05/bin

## --------- ##
## Platform. ##
## --------- ##

hostname = frontend05
uname -m = x86_64
uname -r = 2.6.32-431.20.3.el6.x86_64
uname -s = Linux
uname -v = #1 SMP Thu Jun 19 14:01:59 CDT 2014

/usr/bin/uname -p = unknown
/bin/uname -X     = unknown

/bin/arch              = x86_64
/usr/bin/arch -k       = unknown
/usr/convex/getsysinfo = unknown
/usr/bin/hostinfo      = unknown
/bin/machine           = unknown
/usr/bin/oslevel       = unknown
/bin/universe          = unknown

PATH: /exports/applications/gridengine/8.0.0e/sbin/lx-amd64
PATH: /exports/applications/gridengine/8.0.0e/bin/lx-amd64
PATH: /usr/lpp/mmfs/bin
PATH: /usr/local/bin
PATH: /bin
PATH: /usr/bin
PATH: /usr/local/sbin
PATH: /usr/sbin
PATH: /sbin
PATH: /exports/home/rfilguei/bin


## ----------- ##
## Core tests. ##
## ----------- ##

configure:2440: Configuring LZO 2.05
configure:2477: checking build system type
configure:2491: result: x86_64-unknown-linux-gnu
configure:2511: checking host system type
configure:2524: result: x86_64-unknown-linux-gnu
configure:2544: checking target system type
configure:2557: result: x86_64-unknown-linux-gnu
configure:2584: checking whether to enable maintainer-specific portions of Makefiles
configure:2593: result: no
configure:2698: checking for gcc
configure:2714: found /usr/bin/gcc
configure:2725: result: gcc
configure:2954: checking for C compiler version
configure:2963: gcc --version >&5
gcc (GCC) 4.4.7 20120313 (Red Hat 4.4.7-4)
Copyright (C) 2010 Free Software Foundation, Inc.
This is free software; see the source for copying conditions.  There is NO
warranty; not even for MERCHANTABILITY or FITNESS FOR A PARTICULAR PURPOSE.

configure:2974: $? = 0
configure:2963: gcc -v >&5
Using built-in specs.
Target: x86_64-redhat-linux
Configured with: ../configure --prefix=/usr --mandir=/usr/share/man --infodir=/usr/share/info --with-bugurl=http://bugzilla.redhat.com/bugzilla --enable-bootstrap --enable-shared --enable-threads=posix --enable-checking=release --with-system-zlib --enable-__cxa_atexit --disable-libunwind-exceptions --enable-gnu-unique-object --enable-languages=c,c++,objc,obj-c++,java,fortran,ada --enable-java-awt=gtk --disable-dssi --with-java-home=/usr/lib/jvm/java-1.5.0-gcj-1.5.0.0/jre --enable-libgcj-multifile --enable-java-maintainer-mode --with-ecj-jar=/usr/share/java/eclipse-ecj.jar --disable-libjava-multilib --with-ppl --with-cloog --with-tune=generic --with-arch_32=i686 --build=x86_64-redhat-linux
Thread model: posix
gcc version 4.4.7 20120313 (Red Hat 4.4.7-4) (GCC) 
configure:2974: $? = 0
configure:2963: gcc -V >&5
gcc: '-V' option must have argument
configure:2974: $? = 1
configure:2963: gcc -qversion >&5
gcc: unrecognized option '-qversion'
gcc: no input files
configure:2974: $? = 1
configure:2994: checking whether the C compiler works
configure:3016: gcc    conftest.c  >&5
configure:3020: $? = 0
configure:3068: result: yes
configure:3071: checking for C compiler default output file name
configure:3073: result: a.out
configure:3079: checking for suffix of executables
configure:3086: gcc -o conftest    conftest.c  >&5
configure:3090: $? = 0
configure:3112: result: 
configure:3134: checking whether we are cross compiling
configure:3142: gcc -o conftest    conftest.c  >&5
configure:3146: $? = 0
configure:3153: ./conftest
configure:3157: $? = 0
configure:3172: result: no
configure:3177: checking for suffix of object files
configure:3199: gcc -c   conftest.c >&5
configure:3203: $? = 0
configure:3224: result: o
configure:3228: checking whether we are using the GNU C compiler
configure:3247: gcc -c   conftest.c >&5
configure:3247: $? = 0
configure:3256: result: yes
configure:3265: checking whether gcc accepts -g
configure:3285: gcc -c -g  conftest.c >&5
configure:3285: $? = 0
configure:3326: result: yes
configure:3343: checking for gcc option to accept ISO C89
configure:3407: gcc  -c -g -O2  conftest.c >&5
configure:3407: $? = 0
configure:3420: result: none needed
configure:3441: checking whether gcc and cc understand -c and -o together
configure:3472: gcc -c conftest.c -o conftest2.o >&5
configure:3476: $? = 0
configure:3482: gcc -c conftest.c -o conftest2.o >&5
configure:3486: $? = 0
configure:3497: cc -c conftest.c >&5
configure:3501: $? = 0
configure:3509: cc -c conftest.c -o conftest2.o >&5
configure:3513: $? = 0
configure:3519: cc -c conftest.c -o conftest2.o >&5
configure:3523: $? = 0
configure:3541: result: yes
configure:3590: checking for style of include used by make
configure:3618: result: GNU
configure:3649: checking dependency style of gcc
configure:3757: result: gcc3
configure:3777: checking how to run the C preprocessor
configure:3808: gcc -E  conftest.c
configure:3808: $? = 0
configure:3822: gcc -E  conftest.c
conftest.c:9:28: error: ac_nonexistent.h: No such file or directory
configure:3822: $? = 1
configure: failed program was:
| /* confdefs.h */
| #define PACKAGE_NAME "LZO"
| #define PACKAGE_TARNAME "lzo"
| #define PACKAGE_VERSION "2.05"
| #define PACKAGE_STRING "LZO 2.05"
| #define PACKAGE_BUGREPORT "markus@oberhumer.com"
| #define PACKAGE_URL "http://www.oberhumer.com/opensource/lzo/"
| /* end confdefs.h.  */
| #include <ac_nonexistent.h>
configure:3847: result: gcc -E
configure:3867: gcc -E  conftest.c
configure:3867: $? = 0
configure:3881: gcc -E  conftest.c
conftest.c:9:28: error: ac_nonexistent.h: No such file or directory
configure:3881: $? = 1
configure: failed program was:
| /* confdefs.h */
| #define PACKAGE_NAME "LZO"
| #define PACKAGE_TARNAME "lzo"
| #define PACKAGE_VERSION "2.05"
| #define PACKAGE_STRING "LZO 2.05"
| #define PACKAGE_BUGREPORT "markus@oberhumer.com"
| #define PACKAGE_URL "http://www.oberhumer.com/opensource/lzo/"
| /* end confdefs.h.  */
| #include <ac_nonexistent.h>
configure:3910: checking whether the C preprocessor needs special flags
configure:3939: gcc -c -g -O2   conftest.c >&5
configure:3939: $? = 0
configure:3949: result: none needed
configure:3964: checking for an ANSI C-conforming const
configure:4029: gcc -c -g -O2  conftest.c >&5
configure:4029: $? = 0
configure:4036: result: yes
configure:4045: checking for grep that handles long lines and -e
configure:4103: result: /bin/grep
configure:4108: checking for egrep
configure:4170: result: /bin/grep -E
configure:4175: checking for ANSI C header files
configure:4195: gcc -c -g -O2  conftest.c >&5
configure:4195: $? = 0
configure:4268: gcc -o conftest -g -O2   conftest.c  >&5
configure:4268: $? = 0
configure:4268: ./conftest
configure:4268: $? = 0
configure:4279: result: yes
configure:4292: checking for sys/types.h
configure:4292: gcc -c -g -O2  conftest.c >&5
configure:4292: $? = 0
configure:4292: result: yes
configure:4292: checking for sys/stat.h
configure:4292: gcc -c -g -O2  conftest.c >&5
configure:4292: $? = 0
configure:4292: result: yes
configure:4292: checking for stdlib.h
configure:4292: gcc -c -g -O2  conftest.c >&5
configure:4292: $? = 0
configure:4292: result: yes
configure:4292: checking for string.h
configure:4292: gcc -c -g -O2  conftest.c >&5
configure:4292: $? = 0
configure:4292: result: yes
configure:4292: checking for memory.h
configure:4292: gcc -c -g -O2  conftest.c >&5
configure:4292: $? = 0
configure:4292: result: yes
configure:4292: checking for strings.h
configure:4292: gcc -c -g -O2  conftest.c >&5
configure:4292: $? = 0
configure:4292: result: yes
configure:4292: checking for inttypes.h
configure:4292: gcc -c -g -O2  conftest.c >&5
configure:4292: $? = 0
configure:4292: result: yes
configure:4292: checking for stdint.h
configure:4292: gcc -c -g -O2  conftest.c >&5
configure:4292: $? = 0
configure:4292: result: yes
configure:4292: checking for unistd.h
configure:4292: gcc -c -g -O2  conftest.c >&5
configure:4292: $? = 0
configure:4292: result: yes
configure:4305: checking whether byte ordering is bigendian
configure:4320: gcc -c -g -O2  conftest.c >&5
conftest.c:20: error: expected '=', ',', ';', 'asm' or '__attribute__' before 'a'
configure:4320: $? = 1
configure: failed program was:
| /* confdefs.h */
| #define PACKAGE_NAME "LZO"
| #define PACKAGE_TARNAME "lzo"
| #define PACKAGE_VERSION "2.05"
| #define PACKAGE_STRING "LZO 2.05"
| #define PACKAGE_BUGREPORT "markus@oberhumer.com"
| #define PACKAGE_URL "http://www.oberhumer.com/opensource/lzo/"
| #define STDC_HEADERS 1
| #define HAVE_SYS_TYPES_H 1
| #define HAVE_SYS_STAT_H 1
| #define HAVE_STDLIB_H 1
| #define HAVE_STRING_H 1
| #define HAVE_MEMORY_H 1
| #define HAVE_STRINGS_H 1
| #define HAVE_INTTYPES_H 1
| #define HAVE_STDINT_H 1
| #define HAVE_UNISTD_H 1
| /* end confdefs.h.  */
| #ifndef __APPLE_CC__
| 	       not a universal capable compiler
| 	     #endif
| 	     typedef int dummy;
| 
configure:4365: gcc -c -g -O2  conftest.c >&5
configure:4365: $? = 0
configure:4383: gcc -c -g -O2  conftest.c >&5
conftest.c: In function 'main':
conftest.c:26: error: 'not' undeclared (first use in this function)
conftest.c:26: error: (Each undeclared identifier is reported only once
conftest.c:26: error: for each function it appears in.)
conftest.c:26: error: expected ';' before 'big'
configure:4383: $? = 1
configure: failed program was:
| /* confdefs.h */
| #define PACKAGE_NAME "LZO"
| #define PACKAGE_TARNAME "lzo"
| #define PACKAGE_VERSION "2.05"
| #define PACKAGE_STRING "LZO 2.05"
| #define PACKAGE_BUGREPORT "markus@oberhumer.com"
| #define PACKAGE_URL "http://www.oberhumer.com/opensource/lzo/"
| #define STDC_HEADERS 1
| #define HAVE_SYS_TYPES_H 1
| #define HAVE_SYS_STAT_H 1
| #define HAVE_STDLIB_H 1
| #define HAVE_STRING_H 1
| #define HAVE_MEMORY_H 1
| #define HAVE_STRINGS_H 1
| #define HAVE_INTTYPES_H 1
| #define HAVE_STDINT_H 1
| #define HAVE_UNISTD_H 1
| /* end confdefs.h.  */
| #include <sys/types.h>
| 		#include <sys/param.h>
| 
| int
| main ()
| {
| #if BYTE_ORDER != BIG_ENDIAN
| 		 not big endian
| 		#endif
| 
|   ;
|   return 0;
| }
configure:4511: result: no
configure:4540: checking for special C compiler options needed for large files
configure:4585: result: no
configure:4591: checking for _FILE_OFFSET_BITS value needed for large files
configure:4616: gcc -c -g -O2  conftest.c >&5
configure:4616: $? = 0
configure:4648: result: no
configure:4748: checking for a BSD-compatible install
configure:4816: result: /usr/bin/install -c
configure:4827: checking whether build environment is sane
configure:4877: result: yes
configure:5015: checking for a thread-safe mkdir -p
configure:5054: result: /bin/mkdir -p
configure:5067: checking for gawk
configure:5083: found /bin/gawk
configure:5094: result: gawk
configure:5105: checking whether make sets $(MAKE)
configure:5127: result: yes
configure:5199: checking dependency style of gcc
configure:5309: result: gcc3
configure:5448: checking how to print strings
configure:5475: result: printf
configure:5496: checking for a sed that does not truncate output
configure:5560: result: /bin/sed
configure:5578: checking for fgrep
configure:5640: result: /bin/grep -F
configure:5675: checking for ld used by gcc
configure:5742: result: /usr/bin/ld
configure:5749: checking if the linker (/usr/bin/ld) is GNU ld
configure:5764: result: yes
configure:5776: checking for BSD- or MS-compatible name lister (nm)
configure:5825: result: /usr/bin/nm -B
configure:5955: checking the name lister (/usr/bin/nm -B) interface
configure:5962: gcc -c -g -O2  conftest.c >&5
configure:5965: /usr/bin/nm -B "conftest.o"
configure:5968: output
0000000000000000 B some_variable
configure:5975: result: BSD nm
configure:5978: checking whether ln -s works
configure:5982: result: yes
configure:5990: checking the maximum length of command line arguments
configure:6115: result: 1966080
configure:6132: checking whether the shell understands some XSI constructs
configure:6142: result: yes
configure:6146: checking whether the shell understands "+="
configure:6152: result: yes
configure:6187: checking for /usr/bin/ld option to reload object files
configure:6194: result: -r
configure:6263: checking for objdump
configure:6279: found /usr/bin/objdump
configure:6290: result: objdump
configure:6322: checking how to recognize dependent libraries
configure:6524: result: pass_all
configure:6584: checking for ar
configure:6600: found /usr/bin/ar
configure:6611: result: ar
configure:6689: checking for strip
configure:6705: found /usr/bin/strip
configure:6716: result: strip
configure:6788: checking for ranlib
configure:6804: found /usr/bin/ranlib
configure:6815: result: ranlib
configure:6917: checking command to parse /usr/bin/nm -B output from gcc object
configure:7035: gcc -c -g -O2  conftest.c >&5
configure:7038: $? = 0
configure:7042: /usr/bin/nm -B conftest.o \| sed -n -e 's/^.*[ ]\([ABCDGIRSTW][ABCDGIRSTW]*\)[ ][ ]*\([_A-Za-z][_A-Za-z0-9]*\)$/\1 \2 \2/p' \> conftest.nm
configure:7045: $? = 0
configure:7099: gcc -o conftest -g -O2   conftest.c conftstm.o >&5
configure:7102: $? = 0
configure:7140: result: ok
configure:7235: gcc -c -g -O2  conftest.c >&5
configure:7238: $? = 0
configure:7977: checking for dlfcn.h
configure:7977: gcc -c -g -O2  conftest.c >&5
configure:7977: $? = 0
configure:7977: result: yes
configure:8104: checking for objdir
configure:8119: result: .libs
configure:8386: checking if gcc supports -fno-rtti -fno-exceptions
configure:8404: gcc -c -g -O2  -fno-rtti -fno-exceptions conftest.c >&5
cc1: warning: command line option "-fno-rtti" is valid for C++/ObjC++ but not for C
configure:8408: $? = 0
configure:8421: result: no
configure:8441: checking for gcc option to produce PIC
configure:8726: result: -fPIC -DPIC
configure:8738: checking if gcc PIC flag -fPIC -DPIC works
configure:8756: gcc -c -g -O2  -fPIC -DPIC -DPIC conftest.c >&5
configure:8760: $? = 0
configure:8773: result: yes
configure:8797: checking if gcc static flag -static works
configure:8825: result: yes
configure:8840: checking if gcc supports -c -o file.o
configure:8861: gcc -c -g -O2  -o out/conftest2.o conftest.c >&5
configure:8865: $? = 0
configure:8887: result: yes
configure:8895: checking if gcc supports -c -o file.o
configure:8942: result: yes
configure:8975: checking whether the gcc linker (/usr/bin/ld -m elf_x86_64) supports shared libraries
configure:10050: result: yes
configure:10295: checking dynamic linker characteristics
configure:10750: gcc -o conftest -g -O2   -Wl,-rpath -Wl,/foo conftest.c  >&5
configure:10750: $? = 0
configure:10976: result: GNU/Linux ld.so
configure:11083: checking how to hardcode library paths into programs
configure:11108: result: immediate
configure:11648: checking whether stripping libraries is possible
configure:11653: result: yes
configure:11688: checking if libtool supports shared libraries
configure:11690: result: yes
configure:11693: checking whether to build shared libraries
configure:11714: result: no
configure:11717: checking whether to build static libraries
configure:11721: result: yes
configure:11763: checking whether time.h and sys/time.h may both be included
configure:11783: gcc -c -g -O2  conftest.c >&5
configure:11783: $? = 0
configure:11790: result: yes
configure:11801: checking assert.h usability
configure:11801: gcc -c -g -O2  conftest.c >&5
configure:11801: $? = 0
configure:11801: result: yes
configure:11801: checking assert.h presence
configure:11801: gcc -E  conftest.c
configure:11801: $? = 0
configure:11801: result: yes
configure:11801: checking for assert.h
configure:11801: result: yes
configure:11801: checking ctype.h usability
configure:11801: gcc -c -g -O2  conftest.c >&5
configure:11801: $? = 0
configure:11801: result: yes
configure:11801: checking ctype.h presence
configure:11801: gcc -E  conftest.c
configure:11801: $? = 0
configure:11801: result: yes
configure:11801: checking for ctype.h
configure:11801: result: yes
configure:11801: checking dirent.h usability
configure:11801: gcc -c -g -O2  conftest.c >&5
configure:11801: $? = 0
configure:11801: result: yes
configure:11801: checking dirent.h presence
configure:11801: gcc -E  conftest.c
configure:11801: $? = 0
configure:11801: result: yes
configure:11801: checking for dirent.h
configure:11801: result: yes
configure:11801: checking errno.h usability
configure:11801: gcc -c -g -O2  conftest.c >&5
configure:11801: $? = 0
configure:11801: result: yes
configure:11801: checking errno.h presence
configure:11801: gcc -E  conftest.c
configure:11801: $? = 0
configure:11801: result: yes
configure:11801: checking for errno.h
configure:11801: result: yes
configure:11801: checking fcntl.h usability
configure:11801: gcc -c -g -O2  conftest.c >&5
configure:11801: $? = 0
configure:11801: result: yes
configure:11801: checking fcntl.h presence
configure:11801: gcc -E  conftest.c
configure:11801: $? = 0
configure:11801: result: yes
configure:11801: checking for fcntl.h
configure:11801: result: yes
configure:11801: checking float.h usability
configure:11801: gcc -c -g -O2  conftest.c >&5
configure:11801: $? = 0
configure:11801: result: yes
configure:11801: checking float.h presence
configure:11801: gcc -E  conftest.c
configure:11801: $? = 0
configure:11801: result: yes
configure:11801: checking for float.h
configure:11801: result: yes
configure:11801: checking limits.h usability
configure:11801: gcc -c -g -O2  conftest.c >&5
configure:11801: $? = 0
configure:11801: result: yes
configure:11801: checking limits.h presence
configure:11801: gcc -E  conftest.c
configure:11801: $? = 0
configure:11801: result: yes
configure:11801: checking for limits.h
configure:11801: result: yes
configure:11801: checking malloc.h usability
configure:11801: gcc -c -g -O2  conftest.c >&5
configure:11801: $? = 0
configure:11801: result: yes
configure:11801: checking malloc.h presence
configure:11801: gcc -E  conftest.c
configure:11801: $? = 0
configure:11801: result: yes
configure:11801: checking for malloc.h
configure:11801: result: yes
configure:11801: checking for memory.h
configure:11801: result: yes
configure:11801: checking setjmp.h usability
configure:11801: gcc -c -g -O2  conftest.c >&5
configure:11801: $? = 0
configure:11801: result: yes
configure:11801: checking setjmp.h presence
configure:11801: gcc -E  conftest.c
configure:11801: $? = 0
configure:11801: result: yes
configure:11801: checking for setjmp.h
configure:11801: result: yes
configure:11801: checking signal.h usability
configure:11801: gcc -c -g -O2  conftest.c >&5
configure:11801: $? = 0
configure:11801: result: yes
configure:11801: checking signal.h presence
configure:11801: gcc -E  conftest.c
configure:11801: $? = 0
configure:11801: result: yes
configure:11801: checking for signal.h
configure:11801: result: yes
configure:11801: checking stdarg.h usability
configure:11801: gcc -c -g -O2  conftest.c >&5
configure:11801: $? = 0
configure:11801: result: yes
configure:11801: checking stdarg.h presence
configure:11801: gcc -E  conftest.c
configure:11801: $? = 0
configure:11801: result: yes
configure:11801: checking for stdarg.h
configure:11801: result: yes
configure:11801: checking stddef.h usability
configure:11801: gcc -c -g -O2  conftest.c >&5
configure:11801: $? = 0
configure:11801: result: yes
configure:11801: checking stddef.h presence
configure:11801: gcc -E  conftest.c
configure:11801: $? = 0
configure:11801: result: yes
configure:11801: checking for stddef.h
configure:11801: result: yes
configure:11801: checking for stdint.h
configure:11801: result: yes
configure:11801: checking stdio.h usability
configure:11801: gcc -c -g -O2  conftest.c >&5
configure:11801: $? = 0
configure:11801: result: yes
configure:11801: checking stdio.h presence
configure:11801: gcc -E  conftest.c
configure:11801: $? = 0
configure:11801: result: yes
configure:11801: checking for stdio.h
configure:11801: result: yes
configure:11801: checking for stdlib.h
configure:11801: result: yes
configure:11801: checking for string.h
configure:11801: result: yes
configure:11801: checking for strings.h
configure:11801: result: yes
configure:11801: checking time.h usability
configure:11801: gcc -c -g -O2  conftest.c >&5
configure:11801: $? = 0
configure:11801: result: yes
configure:11801: checking time.h presence
configure:11801: gcc -E  conftest.c
configure:11801: $? = 0
configure:11801: result: yes
configure:11801: checking for time.h
configure:11801: result: yes
configure:11801: checking for unistd.h
configure:11801: result: yes
configure:11801: checking utime.h usability
configure:11801: gcc -c -g -O2  conftest.c >&5
configure:11801: $? = 0
configure:11801: result: yes
configure:11801: checking utime.h presence
configure:11801: gcc -E  conftest.c
configure:11801: $? = 0
configure:11801: result: yes
configure:11801: checking for utime.h
configure:11801: result: yes
configure:11801: checking sys/mman.h usability
configure:11801: gcc -c -g -O2  conftest.c >&5
configure:11801: $? = 0
configure:11801: result: yes
configure:11801: checking sys/mman.h presence
configure:11801: gcc -E  conftest.c
configure:11801: $? = 0
configure:11801: result: yes
configure:11801: checking for sys/mman.h
configure:11801: result: yes
configure:11801: checking sys/resource.h usability
configure:11801: gcc -c -g -O2  conftest.c >&5
configure:11801: $? = 0
configure:11801: result: yes
configure:11801: checking sys/resource.h presence
configure:11801: gcc -E  conftest.c
configure:11801: $? = 0
configure:11801: result: yes
configure:11801: checking for sys/resource.h
configure:11801: result: yes
configure:11801: checking for sys/stat.h
configure:11801: result: yes
configure:11801: checking sys/time.h usability
configure:11801: gcc -c -g -O2  conftest.c >&5
configure:11801: $? = 0
configure:11801: result: yes
configure:11801: checking sys/time.h presence
configure:11801: gcc -E  conftest.c
configure:11801: $? = 0
configure:11801: result: yes
configure:11801: checking for sys/time.h
configure:11801: result: yes
configure:11801: checking for sys/types.h
configure:11801: result: yes
configure:11801: checking sys/wait.h usability
configure:11801: gcc -c -g -O2  conftest.c >&5
configure:11801: $? = 0
configure:11801: result: yes
configure:11801: checking sys/wait.h presence
configure:11801: gcc -E  conftest.c
configure:11801: $? = 0
configure:11801: result: yes
configure:11801: checking for sys/wait.h
configure:11801: result: yes
configure:11816: checking whether limits.h is sane
configure:11929: gcc -c -g -O2  conftest.c >&5
configure:11929: $? = 0
configure:11936: result: yes
configure:11948: checking for off_t
configure:11948: gcc -c -g -O2  conftest.c >&5
configure:11948: $? = 0
configure:11948: gcc -c -g -O2  conftest.c >&5
conftest.c: In function 'main':
conftest.c:88: error: expected expression before ')' token
configure:11948: $? = 1
configure: failed program was:
| /* confdefs.h */
| #define PACKAGE_NAME "LZO"
| #define PACKAGE_TARNAME "lzo"
| #define PACKAGE_VERSION "2.05"
| #define PACKAGE_STRING "LZO 2.05"
| #define PACKAGE_BUGREPORT "markus@oberhumer.com"
| #define PACKAGE_URL "http://www.oberhumer.com/opensource/lzo/"
| #define STDC_HEADERS 1
| #define HAVE_SYS_TYPES_H 1
| #define HAVE_SYS_STAT_H 1
| #define HAVE_STDLIB_H 1
| #define HAVE_STRING_H 1
| #define HAVE_MEMORY_H 1
| #define HAVE_STRINGS_H 1
| #define HAVE_INTTYPES_H 1
| #define HAVE_STDINT_H 1
| #define HAVE_UNISTD_H 1
| #define LZO_ABI_LITTLE_ENDIAN 1
| #define PACKAGE "lzo"
| #define VERSION "2.05"
| #define HAVE_DLFCN_H 1
| #define LT_OBJDIR ".libs/"
| #define TIME_WITH_SYS_TIME 1
| #define HAVE_ASSERT_H 1
| #define HAVE_CTYPE_H 1
| #define HAVE_DIRENT_H 1
| #define HAVE_ERRNO_H 1
| #define HAVE_FCNTL_H 1
| #define HAVE_FLOAT_H 1
| #define HAVE_LIMITS_H 1
| #define HAVE_MALLOC_H 1
| #define HAVE_MEMORY_H 1
| #define HAVE_SETJMP_H 1
| #define HAVE_SIGNAL_H 1
| #define HAVE_STDARG_H 1
| #define HAVE_STDDEF_H 1
| #define HAVE_STDINT_H 1
| #define HAVE_STDIO_H 1
| #define HAVE_STDLIB_H 1
| #define HAVE_STRING_H 1
| #define HAVE_STRINGS_H 1
| #define HAVE_TIME_H 1
| #define HAVE_UNISTD_H 1
| #define HAVE_UTIME_H 1
| #define HAVE_SYS_MMAN_H 1
| #define HAVE_SYS_RESOURCE_H 1
| #define HAVE_SYS_STAT_H 1
| #define HAVE_SYS_TIME_H 1
| #define HAVE_SYS_TYPES_H 1
| #define HAVE_SYS_WAIT_H 1
| /* end confdefs.h.  */
| #include <stdio.h>
| #ifdef HAVE_SYS_TYPES_H
| # include <sys/types.h>
| #endif
| #ifdef HAVE_SYS_STAT_H
| # include <sys/stat.h>
| #endif
| #ifdef STDC_HEADERS
| # include <stdlib.h>
| # include <stddef.h>
| #else
| # ifdef HAVE_STDLIB_H
| #  include <stdlib.h>
| # endif
| #endif
| #ifdef HAVE_STRING_H
| # if !defined STDC_HEADERS && defined HAVE_MEMORY_H
| #  include <memory.h>
| # endif
| # include <string.h>
| #endif
| #ifdef HAVE_STRINGS_H
| # include <strings.h>
| #endif
| #ifdef HAVE_INTTYPES_H
| # include <inttypes.h>
| #endif
| #ifdef HAVE_STDINT_H
| # include <stdint.h>
| #endif
| #ifdef HAVE_UNISTD_H
| # include <unistd.h>
| #endif
| int
| main ()
| {
| if (sizeof ((off_t)))
| 	    return 0;
|   ;
|   return 0;
| }
configure:11948: result: yes
configure:11959: checking for ptrdiff_t
configure:11959: gcc -c -g -O2  conftest.c >&5
configure:11959: $? = 0
configure:11959: gcc -c -g -O2  conftest.c >&5
conftest.c: In function 'main':
conftest.c:88: error: expected expression before ')' token
configure:11959: $? = 1
configure: failed program was:
| /* confdefs.h */
| #define PACKAGE_NAME "LZO"
| #define PACKAGE_TARNAME "lzo"
| #define PACKAGE_VERSION "2.05"
| #define PACKAGE_STRING "LZO 2.05"
| #define PACKAGE_BUGREPORT "markus@oberhumer.com"
| #define PACKAGE_URL "http://www.oberhumer.com/opensource/lzo/"
| #define STDC_HEADERS 1
| #define HAVE_SYS_TYPES_H 1
| #define HAVE_SYS_STAT_H 1
| #define HAVE_STDLIB_H 1
| #define HAVE_STRING_H 1
| #define HAVE_MEMORY_H 1
| #define HAVE_STRINGS_H 1
| #define HAVE_INTTYPES_H 1
| #define HAVE_STDINT_H 1
| #define HAVE_UNISTD_H 1
| #define LZO_ABI_LITTLE_ENDIAN 1
| #define PACKAGE "lzo"
| #define VERSION "2.05"
| #define HAVE_DLFCN_H 1
| #define LT_OBJDIR ".libs/"
| #define TIME_WITH_SYS_TIME 1
| #define HAVE_ASSERT_H 1
| #define HAVE_CTYPE_H 1
| #define HAVE_DIRENT_H 1
| #define HAVE_ERRNO_H 1
| #define HAVE_FCNTL_H 1
| #define HAVE_FLOAT_H 1
| #define HAVE_LIMITS_H 1
| #define HAVE_MALLOC_H 1
| #define HAVE_MEMORY_H 1
| #define HAVE_SETJMP_H 1
| #define HAVE_SIGNAL_H 1
| #define HAVE_STDARG_H 1
| #define HAVE_STDDEF_H 1
| #define HAVE_STDINT_H 1
| #define HAVE_STDIO_H 1
| #define HAVE_STDLIB_H 1
| #define HAVE_STRING_H 1
| #define HAVE_STRINGS_H 1
| #define HAVE_TIME_H 1
| #define HAVE_UNISTD_H 1
| #define HAVE_UTIME_H 1
| #define HAVE_SYS_MMAN_H 1
| #define HAVE_SYS_RESOURCE_H 1
| #define HAVE_SYS_STAT_H 1
| #define HAVE_SYS_TIME_H 1
| #define HAVE_SYS_TYPES_H 1
| #define HAVE_SYS_WAIT_H 1
| /* end confdefs.h.  */
| #include <stdio.h>
| #ifdef HAVE_SYS_TYPES_H
| # include <sys/types.h>
| #endif
| #ifdef HAVE_SYS_STAT_H
| # include <sys/stat.h>
| #endif
| #ifdef STDC_HEADERS
| # include <stdlib.h>
| # include <stddef.h>
| #else
| # ifdef HAVE_STDLIB_H
| #  include <stdlib.h>
| # endif
| #endif
| #ifdef HAVE_STRING_H
| # if !defined STDC_HEADERS && defined HAVE_MEMORY_H
| #  include <memory.h>
| # endif
| # include <string.h>
| #endif
| #ifdef HAVE_STRINGS_H
| # include <strings.h>
| #endif
| #ifdef HAVE_INTTYPES_H
| # include <inttypes.h>
| #endif
| #ifdef HAVE_STDINT_H
| # include <stdint.h>
| #endif
| #ifdef HAVE_UNISTD_H
| # include <unistd.h>
| #endif
| int
| main ()
| {
| if (sizeof ((ptrdiff_t)))
| 	    return 0;
|   ;
|   return 0;
| }
configure:11959: result: yes
configure:11970: checking for size_t
configure:11970: gcc -c -g -O2  conftest.c >&5
configure:11970: $? = 0
configure:11970: gcc -c -g -O2  conftest.c >&5
conftest.c: In function 'main':
conftest.c:88: error: expected expression before ')' token
configure:11970: $? = 1
configure: failed program was:
| /* confdefs.h */
| #define PACKAGE_NAME "LZO"
| #define PACKAGE_TARNAME "lzo"
| #define PACKAGE_VERSION "2.05"
| #define PACKAGE_STRING "LZO 2.05"
| #define PACKAGE_BUGREPORT "markus@oberhumer.com"
| #define PACKAGE_URL "http://www.oberhumer.com/opensource/lzo/"
| #define STDC_HEADERS 1
| #define HAVE_SYS_TYPES_H 1
| #define HAVE_SYS_STAT_H 1
| #define HAVE_STDLIB_H 1
| #define HAVE_STRING_H 1
| #define HAVE_MEMORY_H 1
| #define HAVE_STRINGS_H 1
| #define HAVE_INTTYPES_H 1
| #define HAVE_STDINT_H 1
| #define HAVE_UNISTD_H 1
| #define LZO_ABI_LITTLE_ENDIAN 1
| #define PACKAGE "lzo"
| #define VERSION "2.05"
| #define HAVE_DLFCN_H 1
| #define LT_OBJDIR ".libs/"
| #define TIME_WITH_SYS_TIME 1
| #define HAVE_ASSERT_H 1
| #define HAVE_CTYPE_H 1
| #define HAVE_DIRENT_H 1
| #define HAVE_ERRNO_H 1
| #define HAVE_FCNTL_H 1
| #define HAVE_FLOAT_H 1
| #define HAVE_LIMITS_H 1
| #define HAVE_MALLOC_H 1
| #define HAVE_MEMORY_H 1
| #define HAVE_SETJMP_H 1
| #define HAVE_SIGNAL_H 1
| #define HAVE_STDARG_H 1
| #define HAVE_STDDEF_H 1
| #define HAVE_STDINT_H 1
| #define HAVE_STDIO_H 1
| #define HAVE_STDLIB_H 1
| #define HAVE_STRING_H 1
| #define HAVE_STRINGS_H 1
| #define HAVE_TIME_H 1
| #define HAVE_UNISTD_H 1
| #define HAVE_UTIME_H 1
| #define HAVE_SYS_MMAN_H 1
| #define HAVE_SYS_RESOURCE_H 1
| #define HAVE_SYS_STAT_H 1
| #define HAVE_SYS_TIME_H 1
| #define HAVE_SYS_TYPES_H 1
| #define HAVE_SYS_WAIT_H 1
| /* end confdefs.h.  */
| #include <stdio.h>
| #ifdef HAVE_SYS_TYPES_H
| # include <sys/types.h>
| #endif
| #ifdef HAVE_SYS_STAT_H
| # include <sys/stat.h>
| #endif
| #ifdef STDC_HEADERS
| # include <stdlib.h>
| # include <stddef.h>
| #else
| # ifdef HAVE_STDLIB_H
| #  include <stdlib.h>
| # endif
| #endif
| #ifdef HAVE_STRING_H
| # if !defined STDC_HEADERS && defined HAVE_MEMORY_H
| #  include <memory.h>
| # endif
| # include <string.h>
| #endif
| #ifdef HAVE_STRINGS_H
| # include <strings.h>
| #endif
| #ifdef HAVE_INTTYPES_H
| # include <inttypes.h>
| #endif
| #ifdef HAVE_STDINT_H
| # include <stdint.h>
| #endif
| #ifdef HAVE_UNISTD_H
| # include <unistd.h>
| #endif
| int
| main ()
| {
| if (sizeof ((size_t)))
| 	    return 0;
|   ;
|   return 0;
| }
configure:11970: result: yes
configure:11981: checking return type of signal handlers
configure:11999: gcc -c -g -O2  conftest.c >&5
conftest.c: In function 'main':
conftest.c:58: error: void value not ignored as it ought to be
configure:11999: $? = 1
configure: failed program was:
| /* confdefs.h */
| #define PACKAGE_NAME "LZO"
| #define PACKAGE_TARNAME "lzo"
| #define PACKAGE_VERSION "2.05"
| #define PACKAGE_STRING "LZO 2.05"
| #define PACKAGE_BUGREPORT "markus@oberhumer.com"
| #define PACKAGE_URL "http://www.oberhumer.com/opensource/lzo/"
| #define STDC_HEADERS 1
| #define HAVE_SYS_TYPES_H 1
| #define HAVE_SYS_STAT_H 1
| #define HAVE_STDLIB_H 1
| #define HAVE_STRING_H 1
| #define HAVE_MEMORY_H 1
| #define HAVE_STRINGS_H 1
| #define HAVE_INTTYPES_H 1
| #define HAVE_STDINT_H 1
| #define HAVE_UNISTD_H 1
| #define LZO_ABI_LITTLE_ENDIAN 1
| #define PACKAGE "lzo"
| #define VERSION "2.05"
| #define HAVE_DLFCN_H 1
| #define LT_OBJDIR ".libs/"
| #define TIME_WITH_SYS_TIME 1
| #define HAVE_ASSERT_H 1
| #define HAVE_CTYPE_H 1
| #define HAVE_DIRENT_H 1
| #define HAVE_ERRNO_H 1
| #define HAVE_FCNTL_H 1
| #define HAVE_FLOAT_H 1
| #define HAVE_LIMITS_H 1
| #define HAVE_MALLOC_H 1
| #define HAVE_MEMORY_H 1
| #define HAVE_SETJMP_H 1
| #define HAVE_SIGNAL_H 1
| #define HAVE_STDARG_H 1
| #define HAVE_STDDEF_H 1
| #define HAVE_STDINT_H 1
| #define HAVE_STDIO_H 1
| #define HAVE_STDLIB_H 1
| #define HAVE_STRING_H 1
| #define HAVE_STRINGS_H 1
| #define HAVE_TIME_H 1
| #define HAVE_UNISTD_H 1
| #define HAVE_UTIME_H 1
| #define HAVE_SYS_MMAN_H 1
| #define HAVE_SYS_RESOURCE_H 1
| #define HAVE_SYS_STAT_H 1
| #define HAVE_SYS_TIME_H 1
| #define HAVE_SYS_TYPES_H 1
| #define HAVE_SYS_WAIT_H 1
| /* end confdefs.h.  */
| #include <sys/types.h>
| #include <signal.h>
| 
| int
| main ()
| {
| return *(signal (0, 0)) (0) == 1;
|   ;
|   return 0;
| }
configure:12006: result: void
configure:12020: checking size of short
configure:12025: gcc -o conftest -g -O2   conftest.c  >&5
configure:12025: $? = 0
configure:12025: ./conftest
configure:12025: $? = 0
configure:12039: result: 2
configure:12053: checking size of int
configure:12058: gcc -o conftest -g -O2   conftest.c  >&5
configure:12058: $? = 0
configure:12058: ./conftest
configure:12058: $? = 0
configure:12072: result: 4
configure:12086: checking size of long
configure:12091: gcc -o conftest -g -O2   conftest.c  >&5
configure:12091: $? = 0
configure:12091: ./conftest
configure:12091: $? = 0
configure:12105: result: 8
configure:12120: checking size of long long
configure:12125: gcc -o conftest -g -O2   conftest.c  >&5
configure:12125: $? = 0
configure:12125: ./conftest
configure:12125: $? = 0
configure:12139: result: 8
configure:12153: checking size of __int16
configure:12158: gcc -o conftest -g -O2   conftest.c  >&5
conftest.c: In function 'longval':
conftest.c:90: error: '__int16' undeclared (first use in this function)
conftest.c:90: error: (Each undeclared identifier is reported only once
conftest.c:90: error: for each function it appears in.)
conftest.c: In function 'ulongval':
conftest.c:91: error: '__int16' undeclared (first use in this function)
conftest.c: In function 'main':
conftest.c:101: error: '__int16' undeclared (first use in this function)
configure:12158: $? = 1
configure: program exited with status 1
configure: failed program was:
| /* confdefs.h */
| #define PACKAGE_NAME "LZO"
| #define PACKAGE_TARNAME "lzo"
| #define PACKAGE_VERSION "2.05"
| #define PACKAGE_STRING "LZO 2.05"
| #define PACKAGE_BUGREPORT "markus@oberhumer.com"
| #define PACKAGE_URL "http://www.oberhumer.com/opensource/lzo/"
| #define STDC_HEADERS 1
| #define HAVE_SYS_TYPES_H 1
| #define HAVE_SYS_STAT_H 1
| #define HAVE_STDLIB_H 1
| #define HAVE_STRING_H 1
| #define HAVE_MEMORY_H 1
| #define HAVE_STRINGS_H 1
| #define HAVE_INTTYPES_H 1
| #define HAVE_STDINT_H 1
| #define HAVE_UNISTD_H 1
| #define LZO_ABI_LITTLE_ENDIAN 1
| #define PACKAGE "lzo"
| #define VERSION "2.05"
| #define HAVE_DLFCN_H 1
| #define LT_OBJDIR ".libs/"
| #define TIME_WITH_SYS_TIME 1
| #define HAVE_ASSERT_H 1
| #define HAVE_CTYPE_H 1
| #define HAVE_DIRENT_H 1
| #define HAVE_ERRNO_H 1
| #define HAVE_FCNTL_H 1
| #define HAVE_FLOAT_H 1
| #define HAVE_LIMITS_H 1
| #define HAVE_MALLOC_H 1
| #define HAVE_MEMORY_H 1
| #define HAVE_SETJMP_H 1
| #define HAVE_SIGNAL_H 1
| #define HAVE_STDARG_H 1
| #define HAVE_STDDEF_H 1
| #define HAVE_STDINT_H 1
| #define HAVE_STDIO_H 1
| #define HAVE_STDLIB_H 1
| #define HAVE_STRING_H 1
| #define HAVE_STRINGS_H 1
| #define HAVE_TIME_H 1
| #define HAVE_UNISTD_H 1
| #define HAVE_UTIME_H 1
| #define HAVE_SYS_MMAN_H 1
| #define HAVE_SYS_RESOURCE_H 1
| #define HAVE_SYS_STAT_H 1
| #define HAVE_SYS_TIME_H 1
| #define HAVE_SYS_TYPES_H 1
| #define HAVE_SYS_WAIT_H 1
| #define RETSIGTYPE void
| #define SIZEOF_SHORT 2
| #define SIZEOF_INT 4
| #define SIZEOF_LONG 8
| #define SIZEOF_LONG_LONG 8
| /* end confdefs.h.  */
| #include <stdio.h>
| #ifdef HAVE_SYS_TYPES_H
| # include <sys/types.h>
| #endif
| #ifdef HAVE_SYS_STAT_H
| # include <sys/stat.h>
| #endif
| #ifdef STDC_HEADERS
| # include <stdlib.h>
| # include <stddef.h>
| #else
| # ifdef HAVE_STDLIB_H
| #  include <stdlib.h>
| # endif
| #endif
| #ifdef HAVE_STRING_H
| # if !defined STDC_HEADERS && defined HAVE_MEMORY_H
| #  include <memory.h>
| # endif
| # include <string.h>
| #endif
| #ifdef HAVE_STRINGS_H
| # include <strings.h>
| #endif
| #ifdef HAVE_INTTYPES_H
| # include <inttypes.h>
| #endif
| #ifdef HAVE_STDINT_H
| # include <stdint.h>
| #endif
| #ifdef HAVE_UNISTD_H
| # include <unistd.h>
| #endif
| static long int longval () { return (long int) (sizeof (__int16)); }
| static unsigned long int ulongval () { return (long int) (sizeof (__int16)); }
| #include <stdio.h>
| #include <stdlib.h>
| int
| main ()
| {
| 
|   FILE *f = fopen ("conftest.val", "w");
|   if (! f)
|     return 1;
|   if (((long int) (sizeof (__int16))) < 0)
|     {
|       long int i = longval ();
|       if (i != ((long int) (sizeof (__int16))))
| 	return 1;
|       fprintf (f, "%ld", i);
|     }
|   else
|     {
|       unsigned long int i = ulongval ();
|       if (i != ((long int) (sizeof (__int16))))
| 	return 1;
|       fprintf (f, "%lu", i);
|     }
|   /* Do not output a trailing newline, as this causes \r\n confusion
|      on some platforms.  */
|   return ferror (f) || fclose (f) != 0;
| 
|   ;
|   return 0;
| }
configure:12172: result: 0
configure:12186: checking size of __int32
configure:12191: gcc -o conftest -g -O2   conftest.c  >&5
conftest.c: In function 'longval':
conftest.c:91: error: '__int32' undeclared (first use in this function)
conftest.c:91: error: (Each undeclared identifier is reported only once
conftest.c:91: error: for each function it appears in.)
conftest.c: In function 'ulongval':
conftest.c:92: error: '__int32' undeclared (first use in this function)
conftest.c: In function 'main':
conftest.c:102: error: '__int32' undeclared (first use in this function)
configure:12191: $? = 1
configure: program exited with status 1
configure: failed program was:
| /* confdefs.h */
| #define PACKAGE_NAME "LZO"
| #define PACKAGE_TARNAME "lzo"
| #define PACKAGE_VERSION "2.05"
| #define PACKAGE_STRING "LZO 2.05"
| #define PACKAGE_BUGREPORT "markus@oberhumer.com"
| #define PACKAGE_URL "http://www.oberhumer.com/opensource/lzo/"
| #define STDC_HEADERS 1
| #define HAVE_SYS_TYPES_H 1
| #define HAVE_SYS_STAT_H 1
| #define HAVE_STDLIB_H 1
| #define HAVE_STRING_H 1
| #define HAVE_MEMORY_H 1
| #define HAVE_STRINGS_H 1
| #define HAVE_INTTYPES_H 1
| #define HAVE_STDINT_H 1
| #define HAVE_UNISTD_H 1
| #define LZO_ABI_LITTLE_ENDIAN 1
| #define PACKAGE "lzo"
| #define VERSION "2.05"
| #define HAVE_DLFCN_H 1
| #define LT_OBJDIR ".libs/"
| #define TIME_WITH_SYS_TIME 1
| #define HAVE_ASSERT_H 1
| #define HAVE_CTYPE_H 1
| #define HAVE_DIRENT_H 1
| #define HAVE_ERRNO_H 1
| #define HAVE_FCNTL_H 1
| #define HAVE_FLOAT_H 1
| #define HAVE_LIMITS_H 1
| #define HAVE_MALLOC_H 1
| #define HAVE_MEMORY_H 1
| #define HAVE_SETJMP_H 1
| #define HAVE_SIGNAL_H 1
| #define HAVE_STDARG_H 1
| #define HAVE_STDDEF_H 1
| #define HAVE_STDINT_H 1
| #define HAVE_STDIO_H 1
| #define HAVE_STDLIB_H 1
| #define HAVE_STRING_H 1
| #define HAVE_STRINGS_H 1
| #define HAVE_TIME_H 1
| #define HAVE_UNISTD_H 1
| #define HAVE_UTIME_H 1
| #define HAVE_SYS_MMAN_H 1
| #define HAVE_SYS_RESOURCE_H 1
| #define HAVE_SYS_STAT_H 1
| #define HAVE_SYS_TIME_H 1
| #define HAVE_SYS_TYPES_H 1
| #define HAVE_SYS_WAIT_H 1
| #define RETSIGTYPE void
| #define SIZEOF_SHORT 2
| #define SIZEOF_INT 4
| #define SIZEOF_LONG 8
| #define SIZEOF_LONG_LONG 8
| #define SIZEOF___INT16 0
| /* end confdefs.h.  */
| #include <stdio.h>
| #ifdef HAVE_SYS_TYPES_H
| # include <sys/types.h>
| #endif
| #ifdef HAVE_SYS_STAT_H
| # include <sys/stat.h>
| #endif
| #ifdef STDC_HEADERS
| # include <stdlib.h>
| # include <stddef.h>
| #else
| # ifdef HAVE_STDLIB_H
| #  include <stdlib.h>
| # endif
| #endif
| #ifdef HAVE_STRING_H
| # if !defined STDC_HEADERS && defined HAVE_MEMORY_H
| #  include <memory.h>
| # endif
| # include <string.h>
| #endif
| #ifdef HAVE_STRINGS_H
| # include <strings.h>
| #endif
| #ifdef HAVE_INTTYPES_H
| # include <inttypes.h>
| #endif
| #ifdef HAVE_STDINT_H
| # include <stdint.h>
| #endif
| #ifdef HAVE_UNISTD_H
| # include <unistd.h>
| #endif
| static long int longval () { return (long int) (sizeof (__int32)); }
| static unsigned long int ulongval () { return (long int) (sizeof (__int32)); }
| #include <stdio.h>
| #include <stdlib.h>
| int
| main ()
| {
| 
|   FILE *f = fopen ("conftest.val", "w");
|   if (! f)
|     return 1;
|   if (((long int) (sizeof (__int32))) < 0)
|     {
|       long int i = longval ();
|       if (i != ((long int) (sizeof (__int32))))
| 	return 1;
|       fprintf (f, "%ld", i);
|     }
|   else
|     {
|       unsigned long int i = ulongval ();
|       if (i != ((long int) (sizeof (__int32))))
| 	return 1;
|       fprintf (f, "%lu", i);
|     }
|   /* Do not output a trailing newline, as this causes \r\n confusion
|      on some platforms.  */
|   return ferror (f) || fclose (f) != 0;
| 
|   ;
|   return 0;
| }
configure:12205: result: 0
configure:12219: checking size of __int64
configure:12224: gcc -o conftest -g -O2   conftest.c  >&5
conftest.c: In function 'longval':
conftest.c:92: error: '__int64' undeclared (first use in this function)
conftest.c:92: error: (Each undeclared identifier is reported only once
conftest.c:92: error: for each function it appears in.)
conftest.c: In function 'ulongval':
conftest.c:93: error: '__int64' undeclared (first use in this function)
conftest.c: In function 'main':
conftest.c:103: error: '__int64' undeclared (first use in this function)
configure:12224: $? = 1
configure: program exited with status 1
configure: failed program was:
| /* confdefs.h */
| #define PACKAGE_NAME "LZO"
| #define PACKAGE_TARNAME "lzo"
| #define PACKAGE_VERSION "2.05"
| #define PACKAGE_STRING "LZO 2.05"
| #define PACKAGE_BUGREPORT "markus@oberhumer.com"
| #define PACKAGE_URL "http://www.oberhumer.com/opensource/lzo/"
| #define STDC_HEADERS 1
| #define HAVE_SYS_TYPES_H 1
| #define HAVE_SYS_STAT_H 1
| #define HAVE_STDLIB_H 1
| #define HAVE_STRING_H 1
| #define HAVE_MEMORY_H 1
| #define HAVE_STRINGS_H 1
| #define HAVE_INTTYPES_H 1
| #define HAVE_STDINT_H 1
| #define HAVE_UNISTD_H 1
| #define LZO_ABI_LITTLE_ENDIAN 1
| #define PACKAGE "lzo"
| #define VERSION "2.05"
| #define HAVE_DLFCN_H 1
| #define LT_OBJDIR ".libs/"
| #define TIME_WITH_SYS_TIME 1
| #define HAVE_ASSERT_H 1
| #define HAVE_CTYPE_H 1
| #define HAVE_DIRENT_H 1
| #define HAVE_ERRNO_H 1
| #define HAVE_FCNTL_H 1
| #define HAVE_FLOAT_H 1
| #define HAVE_LIMITS_H 1
| #define HAVE_MALLOC_H 1
| #define HAVE_MEMORY_H 1
| #define HAVE_SETJMP_H 1
| #define HAVE_SIGNAL_H 1
| #define HAVE_STDARG_H 1
| #define HAVE_STDDEF_H 1
| #define HAVE_STDINT_H 1
| #define HAVE_STDIO_H 1
| #define HAVE_STDLIB_H 1
| #define HAVE_STRING_H 1
| #define HAVE_STRINGS_H 1
| #define HAVE_TIME_H 1
| #define HAVE_UNISTD_H 1
| #define HAVE_UTIME_H 1
| #define HAVE_SYS_MMAN_H 1
| #define HAVE_SYS_RESOURCE_H 1
| #define HAVE_SYS_STAT_H 1
| #define HAVE_SYS_TIME_H 1
| #define HAVE_SYS_TYPES_H 1
| #define HAVE_SYS_WAIT_H 1
| #define RETSIGTYPE void
| #define SIZEOF_SHORT 2
| #define SIZEOF_INT 4
| #define SIZEOF_LONG 8
| #define SIZEOF_LONG_LONG 8
| #define SIZEOF___INT16 0
| #define SIZEOF___INT32 0
| /* end confdefs.h.  */
| #include <stdio.h>
| #ifdef HAVE_SYS_TYPES_H
| # include <sys/types.h>
| #endif
| #ifdef HAVE_SYS_STAT_H
| # include <sys/stat.h>
| #endif
| #ifdef STDC_HEADERS
| # include <stdlib.h>
| # include <stddef.h>
| #else
| # ifdef HAVE_STDLIB_H
| #  include <stdlib.h>
| # endif
| #endif
| #ifdef HAVE_STRING_H
| # if !defined STDC_HEADERS && defined HAVE_MEMORY_H
| #  include <memory.h>
| # endif
| # include <string.h>
| #endif
| #ifdef HAVE_STRINGS_H
| # include <strings.h>
| #endif
| #ifdef HAVE_INTTYPES_H
| # include <inttypes.h>
| #endif
| #ifdef HAVE_STDINT_H
| # include <stdint.h>
| #endif
| #ifdef HAVE_UNISTD_H
| # include <unistd.h>
| #endif
| static long int longval () { return (long int) (sizeof (__int64)); }
| static unsigned long int ulongval () { return (long int) (sizeof (__int64)); }
| #include <stdio.h>
| #include <stdlib.h>
| int
| main ()
| {
| 
|   FILE *f = fopen ("conftest.val", "w");
|   if (! f)
|     return 1;
|   if (((long int) (sizeof (__int64))) < 0)
|     {
|       long int i = longval ();
|       if (i != ((long int) (sizeof (__int64))))
| 	return 1;
|       fprintf (f, "%ld", i);
|     }
|   else
|     {
|       unsigned long int i = ulongval ();
|       if (i != ((long int) (sizeof (__int64))))
| 	return 1;
|       fprintf (f, "%lu", i);
|     }
|   /* Do not output a trailing newline, as this causes \r\n confusion
|      on some platforms.  */
|   return ferror (f) || fclose (f) != 0;
| 
|   ;
|   return 0;
| }
configure:12238: result: 0
configure:12253: checking size of void *
configure:12258: gcc -o conftest -g -O2   conftest.c  >&5
configure:12258: $? = 0
configure:12258: ./conftest
configure:12258: $? = 0
configure:12272: result: 8
configure:12286: checking size of size_t
configure:12291: gcc -o conftest -g -O2   conftest.c  >&5
configure:12291: $? = 0
configure:12291: ./conftest
configure:12291: $? = 0
configure:12305: result: 8
configure:12319: checking size of ptrdiff_t
configure:12324: gcc -o conftest -g -O2   conftest.c  >&5
configure:12324: $? = 0
configure:12324: ./conftest
configure:12324: $? = 0
configure:12338: result: 8
configure:12354: checking size of __int32
configure:12373: result: 0
configure:12387: checking size of intmax_t
configure:12392: gcc -o conftest -g -O2   conftest.c  >&5
configure:12392: $? = 0
configure:12392: ./conftest
configure:12392: $? = 0
configure:12406: result: 8
configure:12420: checking size of uintmax_t
configure:12425: gcc -o conftest -g -O2   conftest.c  >&5
configure:12425: $? = 0
configure:12425: ./conftest
configure:12425: $? = 0
configure:12439: result: 8
configure:12453: checking size of intptr_t
configure:12458: gcc -o conftest -g -O2   conftest.c  >&5
configure:12458: $? = 0
configure:12458: ./conftest
configure:12458: $? = 0
configure:12472: result: 8
configure:12486: checking size of uintptr_t
configure:12491: gcc -o conftest -g -O2   conftest.c  >&5
configure:12491: $? = 0
configure:12491: ./conftest
configure:12491: $? = 0
configure:12505: result: 8
configure:12520: checking size of float
configure:12525: gcc -o conftest -g -O2   conftest.c  >&5
configure:12525: $? = 0
configure:12525: ./conftest
configure:12525: $? = 0
configure:12539: result: 4
configure:12553: checking size of double
configure:12558: gcc -o conftest -g -O2   conftest.c  >&5
configure:12558: $? = 0
configure:12558: ./conftest
configure:12558: $? = 0
configure:12572: result: 8
configure:12586: checking size of long double
configure:12591: gcc -o conftest -g -O2   conftest.c  >&5
configure:12591: $? = 0
configure:12591: ./conftest
configure:12591: $? = 0
configure:12605: result: 16
configure:12620: checking size of dev_t
configure:12625: gcc -o conftest -g -O2   conftest.c  >&5
configure:12625: $? = 0
configure:12625: ./conftest
configure:12625: $? = 0
configure:12639: result: 8
configure:12653: checking size of fpos_t
configure:12658: gcc -o conftest -g -O2   conftest.c  >&5
configure:12658: $? = 0
configure:12658: ./conftest
configure:12658: $? = 0
configure:12672: result: 16
configure:12686: checking size of mode_t
configure:12691: gcc -o conftest -g -O2   conftest.c  >&5
configure:12691: $? = 0
configure:12691: ./conftest
configure:12691: $? = 0
configure:12705: result: 4
configure:12719: checking size of off_t
configure:12724: gcc -o conftest -g -O2   conftest.c  >&5
configure:12724: $? = 0
configure:12724: ./conftest
configure:12724: $? = 0
configure:12738: result: 8
configure:12752: checking size of ssize_t
configure:12757: gcc -o conftest -g -O2   conftest.c  >&5
configure:12757: $? = 0
configure:12757: ./conftest
configure:12757: $? = 0
configure:12771: result: 8
configure:12785: checking size of time_t
configure:12790: gcc -o conftest -g -O2   conftest.c  >&5
configure:12790: $? = 0
configure:12790: ./conftest
configure:12790: $? = 0
configure:12804: result: 8
configure:12825: checking for access
configure:12825: gcc -o conftest -g -O2   conftest.c  >&5
configure:12825: $? = 0
configure:12825: result: yes
configure:12825: checking for alloca
configure:12825: gcc -o conftest -g -O2   conftest.c  >&5
conftest.c:101: warning: conflicting types for built-in function 'alloca'
/tmp/ccnj1Xsg.o: In function `main':
/exports/work/inf_dir/jobs/PRACTICAL.3.0/lzo-2.05/conftest.c:112: undefined reference to `alloca'
collect2: ld returned 1 exit status
configure:12825: $? = 1
configure: failed program was:
| /* confdefs.h */
| #define PACKAGE_NAME "LZO"
| #define PACKAGE_TARNAME "lzo"
| #define PACKAGE_VERSION "2.05"
| #define PACKAGE_STRING "LZO 2.05"
| #define PACKAGE_BUGREPORT "markus@oberhumer.com"
| #define PACKAGE_URL "http://www.oberhumer.com/opensource/lzo/"
| #define STDC_HEADERS 1
| #define HAVE_SYS_TYPES_H 1
| #define HAVE_SYS_STAT_H 1
| #define HAVE_STDLIB_H 1
| #define HAVE_STRING_H 1
| #define HAVE_MEMORY_H 1
| #define HAVE_STRINGS_H 1
| #define HAVE_INTTYPES_H 1
| #define HAVE_STDINT_H 1
| #define HAVE_UNISTD_H 1
| #define LZO_ABI_LITTLE_ENDIAN 1
| #define PACKAGE "lzo"
| #define VERSION "2.05"
| #define HAVE_DLFCN_H 1
| #define LT_OBJDIR ".libs/"
| #define TIME_WITH_SYS_TIME 1
| #define HAVE_ASSERT_H 1
| #define HAVE_CTYPE_H 1
| #define HAVE_DIRENT_H 1
| #define HAVE_ERRNO_H 1
| #define HAVE_FCNTL_H 1
| #define HAVE_FLOAT_H 1
| #define HAVE_LIMITS_H 1
| #define HAVE_MALLOC_H 1
| #define HAVE_MEMORY_H 1
| #define HAVE_SETJMP_H 1
| #define HAVE_SIGNAL_H 1
| #define HAVE_STDARG_H 1
| #define HAVE_STDDEF_H 1
| #define HAVE_STDINT_H 1
| #define HAVE_STDIO_H 1
| #define HAVE_STDLIB_H 1
| #define HAVE_STRING_H 1
| #define HAVE_STRINGS_H 1
| #define HAVE_TIME_H 1
| #define HAVE_UNISTD_H 1
| #define HAVE_UTIME_H 1
| #define HAVE_SYS_MMAN_H 1
| #define HAVE_SYS_RESOURCE_H 1
| #define HAVE_SYS_STAT_H 1
| #define HAVE_SYS_TIME_H 1
| #define HAVE_SYS_TYPES_H 1
| #define HAVE_SYS_WAIT_H 1
| #define RETSIGTYPE void
| #define SIZEOF_SHORT 2
| #define SIZEOF_INT 4
| #define SIZEOF_LONG 8
| #define SIZEOF_LONG_LONG 8
| #define SIZEOF___INT16 0
| #define SIZEOF___INT32 0
| #define SIZEOF___INT64 0
| #define SIZEOF_VOID_P 8
| #define SIZEOF_SIZE_T 8
| #define SIZEOF_PTRDIFF_T 8
| #define SIZEOF___INT32 0
| #define SIZEOF_INTMAX_T 8
| #define SIZEOF_UINTMAX_T 8
| #define SIZEOF_INTPTR_T 8
| #define SIZEOF_UINTPTR_T 8
| #define SIZEOF_FLOAT 4
| #define SIZEOF_DOUBLE 8
| #define SIZEOF_LONG_DOUBLE 16
| #define SIZEOF_DEV_T 8
| #define SIZEOF_FPOS_T 16
| #define SIZEOF_MODE_T 4
| #define SIZEOF_OFF_T 8
| #define SIZEOF_SSIZE_T 8
| #define SIZEOF_TIME_T 8
| #define HAVE_ACCESS 1
| /* end confdefs.h.  */
| /* Define alloca to an innocuous variant, in case <limits.h> declares alloca.
|    For example, HP-UX 11i <limits.h> declares gettimeofday.  */
| #define alloca innocuous_alloca
| 
| /* System header to define __stub macros and hopefully few prototypes,
|     which can conflict with char alloca (); below.
|     Prefer <limits.h> to <assert.h> if __STDC__ is defined, since
|     <limits.h> exists even on freestanding compilers.  */
| 
| #ifdef __STDC__
| # include <limits.h>
| #else
| # include <assert.h>
| #endif
| 
| #undef alloca
| 
| /* Override any GCC internal prototype to avoid an error.
|    Use char because int might match the return type of a GCC
|    builtin and then its argument prototype would still apply.  */
| #ifdef __cplusplus
| extern "C"
| #endif
| char alloca ();
| /* The GNU C library defines this for functions which it implements
|     to always fail with ENOSYS.  Some functions are actually named
|     something starting with __ and the normal name is an alias.  */
| #if defined __stub_alloca || defined __stub___alloca
| choke me
| #endif
| 
| int
| main ()
| {
| return alloca ();
|   ;
|   return 0;
| }
configure:12825: result: no
configure:12825: checking for atexit
configure:12825: gcc -o conftest -g -O2   conftest.c  >&5
configure:12825: $? = 0
configure:12825: result: yes
configure:12825: checking for atoi
configure:12825: gcc -o conftest -g -O2   conftest.c  >&5
configure:12825: $? = 0
configure:12825: result: yes
configure:12825: checking for atol
configure:12825: gcc -o conftest -g -O2   conftest.c  >&5
configure:12825: $? = 0
configure:12825: result: yes
configure:12825: checking for chmod
configure:12825: gcc -o conftest -g -O2   conftest.c  >&5
configure:12825: $? = 0
configure:12825: result: yes
configure:12825: checking for chown
configure:12825: gcc -o conftest -g -O2   conftest.c  >&5
configure:12825: $? = 0
configure:12825: result: yes
configure:12825: checking for clock_getcpuclockid
configure:12825: gcc -o conftest -g -O2   conftest.c  >&5
/tmp/ccMEzpTy.o: In function `main':
/exports/work/inf_dir/jobs/PRACTICAL.3.0/lzo-2.05/conftest.c:117: undefined reference to `clock_getcpuclockid'
collect2: ld returned 1 exit status
configure:12825: $? = 1
configure: failed program was:
| /* confdefs.h */
| #define PACKAGE_NAME "LZO"
| #define PACKAGE_TARNAME "lzo"
| #define PACKAGE_VERSION "2.05"
| #define PACKAGE_STRING "LZO 2.05"
| #define PACKAGE_BUGREPORT "markus@oberhumer.com"
| #define PACKAGE_URL "http://www.oberhumer.com/opensource/lzo/"
| #define STDC_HEADERS 1
| #define HAVE_SYS_TYPES_H 1
| #define HAVE_SYS_STAT_H 1
| #define HAVE_STDLIB_H 1
| #define HAVE_STRING_H 1
| #define HAVE_MEMORY_H 1
| #define HAVE_STRINGS_H 1
| #define HAVE_INTTYPES_H 1
| #define HAVE_STDINT_H 1
| #define HAVE_UNISTD_H 1
| #define LZO_ABI_LITTLE_ENDIAN 1
| #define PACKAGE "lzo"
| #define VERSION "2.05"
| #define HAVE_DLFCN_H 1
| #define LT_OBJDIR ".libs/"
| #define TIME_WITH_SYS_TIME 1
| #define HAVE_ASSERT_H 1
| #define HAVE_CTYPE_H 1
| #define HAVE_DIRENT_H 1
| #define HAVE_ERRNO_H 1
| #define HAVE_FCNTL_H 1
| #define HAVE_FLOAT_H 1
| #define HAVE_LIMITS_H 1
| #define HAVE_MALLOC_H 1
| #define HAVE_MEMORY_H 1
| #define HAVE_SETJMP_H 1
| #define HAVE_SIGNAL_H 1
| #define HAVE_STDARG_H 1
| #define HAVE_STDDEF_H 1
| #define HAVE_STDINT_H 1
| #define HAVE_STDIO_H 1
| #define HAVE_STDLIB_H 1
| #define HAVE_STRING_H 1
| #define HAVE_STRINGS_H 1
| #define HAVE_TIME_H 1
| #define HAVE_UNISTD_H 1
| #define HAVE_UTIME_H 1
| #define HAVE_SYS_MMAN_H 1
| #define HAVE_SYS_RESOURCE_H 1
| #define HAVE_SYS_STAT_H 1
| #define HAVE_SYS_TIME_H 1
| #define HAVE_SYS_TYPES_H 1
| #define HAVE_SYS_WAIT_H 1
| #define RETSIGTYPE void
| #define SIZEOF_SHORT 2
| #define SIZEOF_INT 4
| #define SIZEOF_LONG 8
| #define SIZEOF_LONG_LONG 8
| #define SIZEOF___INT16 0
| #define SIZEOF___INT32 0
| #define SIZEOF___INT64 0
| #define SIZEOF_VOID_P 8
| #define SIZEOF_SIZE_T 8
| #define SIZEOF_PTRDIFF_T 8
| #define SIZEOF___INT32 0
| #define SIZEOF_INTMAX_T 8
| #define SIZEOF_UINTMAX_T 8
| #define SIZEOF_INTPTR_T 8
| #define SIZEOF_UINTPTR_T 8
| #define SIZEOF_FLOAT 4
| #define SIZEOF_DOUBLE 8
| #define SIZEOF_LONG_DOUBLE 16
| #define SIZEOF_DEV_T 8
| #define SIZEOF_FPOS_T 16
| #define SIZEOF_MODE_T 4
| #define SIZEOF_OFF_T 8
| #define SIZEOF_SSIZE_T 8
| #define SIZEOF_TIME_T 8
| #define HAVE_ACCESS 1
| #define HAVE_ATEXIT 1
| #define HAVE_ATOI 1
| #define HAVE_ATOL 1
| #define HAVE_CHMOD 1
| #define HAVE_CHOWN 1
| /* end confdefs.h.  */
| /* Define clock_getcpuclockid to an innocuous variant, in case <limits.h> declares clock_getcpuclockid.
|    For example, HP-UX 11i <limits.h> declares gettimeofday.  */
| #define clock_getcpuclockid innocuous_clock_getcpuclockid
| 
| /* System header to define __stub macros and hopefully few prototypes,
|     which can conflict with char clock_getcpuclockid (); below.
|     Prefer <limits.h> to <assert.h> if __STDC__ is defined, since
|     <limits.h> exists even on freestanding compilers.  */
| 
| #ifdef __STDC__
| # include <limits.h>
| #else
| # include <assert.h>
| #endif
| 
| #undef clock_getcpuclockid
| 
| /* Override any GCC internal prototype to avoid an error.
|    Use char because int might match the return type of a GCC
|    builtin and then its argument prototype would still apply.  */
| #ifdef __cplusplus
| extern "C"
| #endif
| char clock_getcpuclockid ();
| /* The GNU C library defines this for functions which it implements
|     to always fail with ENOSYS.  Some functions are actually named
|     something starting with __ and the normal name is an alias.  */
| #if defined __stub_clock_getcpuclockid || defined __stub___clock_getcpuclockid
| choke me
| #endif
| 
| int
| main ()
| {
| return clock_getcpuclockid ();
|   ;
|   return 0;
| }
configure:12825: result: no
configure:12825: checking for clock_getres
configure:12825: gcc -o conftest -g -O2   conftest.c  >&5
/tmp/ccem1FcD.o: In function `main':
/exports/work/inf_dir/jobs/PRACTICAL.3.0/lzo-2.05/conftest.c:117: undefined reference to `clock_getres'
collect2: ld returned 1 exit status
configure:12825: $? = 1
configure: failed program was:
| /* confdefs.h */
| #define PACKAGE_NAME "LZO"
| #define PACKAGE_TARNAME "lzo"
| #define PACKAGE_VERSION "2.05"
| #define PACKAGE_STRING "LZO 2.05"
| #define PACKAGE_BUGREPORT "markus@oberhumer.com"
| #define PACKAGE_URL "http://www.oberhumer.com/opensource/lzo/"
| #define STDC_HEADERS 1
| #define HAVE_SYS_TYPES_H 1
| #define HAVE_SYS_STAT_H 1
| #define HAVE_STDLIB_H 1
| #define HAVE_STRING_H 1
| #define HAVE_MEMORY_H 1
| #define HAVE_STRINGS_H 1
| #define HAVE_INTTYPES_H 1
| #define HAVE_STDINT_H 1
| #define HAVE_UNISTD_H 1
| #define LZO_ABI_LITTLE_ENDIAN 1
| #define PACKAGE "lzo"
| #define VERSION "2.05"
| #define HAVE_DLFCN_H 1
| #define LT_OBJDIR ".libs/"
| #define TIME_WITH_SYS_TIME 1
| #define HAVE_ASSERT_H 1
| #define HAVE_CTYPE_H 1
| #define HAVE_DIRENT_H 1
| #define HAVE_ERRNO_H 1
| #define HAVE_FCNTL_H 1
| #define HAVE_FLOAT_H 1
| #define HAVE_LIMITS_H 1
| #define HAVE_MALLOC_H 1
| #define HAVE_MEMORY_H 1
| #define HAVE_SETJMP_H 1
| #define HAVE_SIGNAL_H 1
| #define HAVE_STDARG_H 1
| #define HAVE_STDDEF_H 1
| #define HAVE_STDINT_H 1
| #define HAVE_STDIO_H 1
| #define HAVE_STDLIB_H 1
| #define HAVE_STRING_H 1
| #define HAVE_STRINGS_H 1
| #define HAVE_TIME_H 1
| #define HAVE_UNISTD_H 1
| #define HAVE_UTIME_H 1
| #define HAVE_SYS_MMAN_H 1
| #define HAVE_SYS_RESOURCE_H 1
| #define HAVE_SYS_STAT_H 1
| #define HAVE_SYS_TIME_H 1
| #define HAVE_SYS_TYPES_H 1
| #define HAVE_SYS_WAIT_H 1
| #define RETSIGTYPE void
| #define SIZEOF_SHORT 2
| #define SIZEOF_INT 4
| #define SIZEOF_LONG 8
| #define SIZEOF_LONG_LONG 8
| #define SIZEOF___INT16 0
| #define SIZEOF___INT32 0
| #define SIZEOF___INT64 0
| #define SIZEOF_VOID_P 8
| #define SIZEOF_SIZE_T 8
| #define SIZEOF_PTRDIFF_T 8
| #define SIZEOF___INT32 0
| #define SIZEOF_INTMAX_T 8
| #define SIZEOF_UINTMAX_T 8
| #define SIZEOF_INTPTR_T 8
| #define SIZEOF_UINTPTR_T 8
| #define SIZEOF_FLOAT 4
| #define SIZEOF_DOUBLE 8
| #define SIZEOF_LONG_DOUBLE 16
| #define SIZEOF_DEV_T 8
| #define SIZEOF_FPOS_T 16
| #define SIZEOF_MODE_T 4
| #define SIZEOF_OFF_T 8
| #define SIZEOF_SSIZE_T 8
| #define SIZEOF_TIME_T 8
| #define HAVE_ACCESS 1
| #define HAVE_ATEXIT 1
| #define HAVE_ATOI 1
| #define HAVE_ATOL 1
| #define HAVE_CHMOD 1
| #define HAVE_CHOWN 1
| /* end confdefs.h.  */
| /* Define clock_getres to an innocuous variant, in case <limits.h> declares clock_getres.
|    For example, HP-UX 11i <limits.h> declares gettimeofday.  */
| #define clock_getres innocuous_clock_getres
| 
| /* System header to define __stub macros and hopefully few prototypes,
|     which can conflict with char clock_getres (); below.
|     Prefer <limits.h> to <assert.h> if __STDC__ is defined, since
|     <limits.h> exists even on freestanding compilers.  */
| 
| #ifdef __STDC__
| # include <limits.h>
| #else
| # include <assert.h>
| #endif
| 
| #undef clock_getres
| 
| /* Override any GCC internal prototype to avoid an error.
|    Use char because int might match the return type of a GCC
|    builtin and then its argument prototype would still apply.  */
| #ifdef __cplusplus
| extern "C"
| #endif
| char clock_getres ();
| /* The GNU C library defines this for functions which it implements
|     to always fail with ENOSYS.  Some functions are actually named
|     something starting with __ and the normal name is an alias.  */
| #if defined __stub_clock_getres || defined __stub___clock_getres
| choke me
| #endif
| 
| int
| main ()
| {
| return clock_getres ();
|   ;
|   return 0;
| }
configure:12825: result: no
configure:12825: checking for clock_gettime
configure:12825: gcc -o conftest -g -O2   conftest.c  >&5
/tmp/ccQvZrCF.o: In function `main':
/exports/work/inf_dir/jobs/PRACTICAL.3.0/lzo-2.05/conftest.c:117: undefined reference to `clock_gettime'
collect2: ld returned 1 exit status
configure:12825: $? = 1
configure: failed program was:
| /* confdefs.h */
| #define PACKAGE_NAME "LZO"
| #define PACKAGE_TARNAME "lzo"
| #define PACKAGE_VERSION "2.05"
| #define PACKAGE_STRING "LZO 2.05"
| #define PACKAGE_BUGREPORT "markus@oberhumer.com"
| #define PACKAGE_URL "http://www.oberhumer.com/opensource/lzo/"
| #define STDC_HEADERS 1
| #define HAVE_SYS_TYPES_H 1
| #define HAVE_SYS_STAT_H 1
| #define HAVE_STDLIB_H 1
| #define HAVE_STRING_H 1
| #define HAVE_MEMORY_H 1
| #define HAVE_STRINGS_H 1
| #define HAVE_INTTYPES_H 1
| #define HAVE_STDINT_H 1
| #define HAVE_UNISTD_H 1
| #define LZO_ABI_LITTLE_ENDIAN 1
| #define PACKAGE "lzo"
| #define VERSION "2.05"
| #define HAVE_DLFCN_H 1
| #define LT_OBJDIR ".libs/"
| #define TIME_WITH_SYS_TIME 1
| #define HAVE_ASSERT_H 1
| #define HAVE_CTYPE_H 1
| #define HAVE_DIRENT_H 1
| #define HAVE_ERRNO_H 1
| #define HAVE_FCNTL_H 1
| #define HAVE_FLOAT_H 1
| #define HAVE_LIMITS_H 1
| #define HAVE_MALLOC_H 1
| #define HAVE_MEMORY_H 1
| #define HAVE_SETJMP_H 1
| #define HAVE_SIGNAL_H 1
| #define HAVE_STDARG_H 1
| #define HAVE_STDDEF_H 1
| #define HAVE_STDINT_H 1
| #define HAVE_STDIO_H 1
| #define HAVE_STDLIB_H 1
| #define HAVE_STRING_H 1
| #define HAVE_STRINGS_H 1
| #define HAVE_TIME_H 1
| #define HAVE_UNISTD_H 1
| #define HAVE_UTIME_H 1
| #define HAVE_SYS_MMAN_H 1
| #define HAVE_SYS_RESOURCE_H 1
| #define HAVE_SYS_STAT_H 1
| #define HAVE_SYS_TIME_H 1
| #define HAVE_SYS_TYPES_H 1
| #define HAVE_SYS_WAIT_H 1
| #define RETSIGTYPE void
| #define SIZEOF_SHORT 2
| #define SIZEOF_INT 4
| #define SIZEOF_LONG 8
| #define SIZEOF_LONG_LONG 8
| #define SIZEOF___INT16 0
| #define SIZEOF___INT32 0
| #define SIZEOF___INT64 0
| #define SIZEOF_VOID_P 8
| #define SIZEOF_SIZE_T 8
| #define SIZEOF_PTRDIFF_T 8
| #define SIZEOF___INT32 0
| #define SIZEOF_INTMAX_T 8
| #define SIZEOF_UINTMAX_T 8
| #define SIZEOF_INTPTR_T 8
| #define SIZEOF_UINTPTR_T 8
| #define SIZEOF_FLOAT 4
| #define SIZEOF_DOUBLE 8
| #define SIZEOF_LONG_DOUBLE 16
| #define SIZEOF_DEV_T 8
| #define SIZEOF_FPOS_T 16
| #define SIZEOF_MODE_T 4
| #define SIZEOF_OFF_T 8
| #define SIZEOF_SSIZE_T 8
| #define SIZEOF_TIME_T 8
| #define HAVE_ACCESS 1
| #define HAVE_ATEXIT 1
| #define HAVE_ATOI 1
| #define HAVE_ATOL 1
| #define HAVE_CHMOD 1
| #define HAVE_CHOWN 1
| /* end confdefs.h.  */
| /* Define clock_gettime to an innocuous variant, in case <limits.h> declares clock_gettime.
|    For example, HP-UX 11i <limits.h> declares gettimeofday.  */
| #define clock_gettime innocuous_clock_gettime
| 
| /* System header to define __stub macros and hopefully few prototypes,
|     which can conflict with char clock_gettime (); below.
|     Prefer <limits.h> to <assert.h> if __STDC__ is defined, since
|     <limits.h> exists even on freestanding compilers.  */
| 
| #ifdef __STDC__
| # include <limits.h>
| #else
| # include <assert.h>
| #endif
| 
| #undef clock_gettime
| 
| /* Override any GCC internal prototype to avoid an error.
|    Use char because int might match the return type of a GCC
|    builtin and then its argument prototype would still apply.  */
| #ifdef __cplusplus
| extern "C"
| #endif
| char clock_gettime ();
| /* The GNU C library defines this for functions which it implements
|     to always fail with ENOSYS.  Some functions are actually named
|     something starting with __ and the normal name is an alias.  */
| #if defined __stub_clock_gettime || defined __stub___clock_gettime
| choke me
| #endif
| 
| int
| main ()
| {
| return clock_gettime ();
|   ;
|   return 0;
| }
configure:12825: result: no
configure:12825: checking for ctime
configure:12825: gcc -o conftest -g -O2   conftest.c  >&5
configure:12825: $? = 0
configure:12825: result: yes
configure:12825: checking for difftime
configure:12825: gcc -o conftest -g -O2   conftest.c  >&5
configure:12825: $? = 0
configure:12825: result: yes
configure:12825: checking for fstat
configure:12825: gcc -o conftest -g -O2   conftest.c  >&5
configure:12825: $? = 0
configure:12825: result: yes
configure:12825: checking for getenv
configure:12825: gcc -o conftest -g -O2   conftest.c  >&5
configure:12825: $? = 0
configure:12825: result: yes
configure:12825: checking for getpagesize
configure:12825: gcc -o conftest -g -O2   conftest.c  >&5
configure:12825: $? = 0
configure:12825: result: yes
configure:12825: checking for getrusage
configure:12825: gcc -o conftest -g -O2   conftest.c  >&5
configure:12825: $? = 0
configure:12825: result: yes
configure:12825: checking for gettimeofday
configure:12825: gcc -o conftest -g -O2   conftest.c  >&5
configure:12825: $? = 0
configure:12825: result: yes
configure:12825: checking for gmtime
configure:12825: gcc -o conftest -g -O2   conftest.c  >&5
configure:12825: $? = 0
configure:12825: result: yes
configure:12825: checking for isatty
configure:12825: gcc -o conftest -g -O2   conftest.c  >&5
configure:12825: $? = 0
configure:12825: result: yes
configure:12825: checking for localtime
configure:12825: gcc -o conftest -g -O2   conftest.c  >&5
configure:12825: $? = 0
configure:12825: result: yes
configure:12825: checking for longjmp
configure:12825: gcc -o conftest -g -O2   conftest.c  >&5
configure:12825: $? = 0
configure:12825: result: yes
configure:12825: checking for lstat
configure:12825: gcc -o conftest -g -O2   conftest.c  >&5
configure:12825: $? = 0
configure:12825: result: yes
configure:12825: checking for memcmp
configure:12825: gcc -o conftest -g -O2   conftest.c  >&5
conftest.c:118: warning: conflicting types for built-in function 'memcmp'
configure:12825: $? = 0
configure:12825: result: yes
configure:12825: checking for memcpy
configure:12825: gcc -o conftest -g -O2   conftest.c  >&5
conftest.c:119: warning: conflicting types for built-in function 'memcpy'
configure:12825: $? = 0
configure:12825: result: yes
configure:12825: checking for memmove
configure:12825: gcc -o conftest -g -O2   conftest.c  >&5
conftest.c:120: warning: conflicting types for built-in function 'memmove'
configure:12825: $? = 0
configure:12825: result: yes
configure:12825: checking for memset
configure:12825: gcc -o conftest -g -O2   conftest.c  >&5
conftest.c:121: warning: conflicting types for built-in function 'memset'
configure:12825: $? = 0
configure:12825: result: yes
configure:12825: checking for mkdir
configure:12825: gcc -o conftest -g -O2   conftest.c  >&5
configure:12825: $? = 0
configure:12825: result: yes
configure:12825: checking for mktime
configure:12825: gcc -o conftest -g -O2   conftest.c  >&5
configure:12825: $? = 0
configure:12825: result: yes
configure:12825: checking for mmap
configure:12825: gcc -o conftest -g -O2   conftest.c  >&5
configure:12825: $? = 0
configure:12825: result: yes
configure:12825: checking for mprotect
configure:12825: gcc -o conftest -g -O2   conftest.c  >&5
configure:12825: $? = 0
configure:12825: result: yes
configure:12825: checking for munmap
configure:12825: gcc -o conftest -g -O2   conftest.c  >&5
configure:12825: $? = 0
configure:12825: result: yes
configure:12825: checking for qsort
configure:12825: gcc -o conftest -g -O2   conftest.c  >&5
configure:12825: $? = 0
configure:12825: result: yes
configure:12825: checking for raise
configure:12825: gcc -o conftest -g -O2   conftest.c  >&5
configure:12825: $? = 0
configure:12825: result: yes
configure:12825: checking for rmdir
configure:12825: gcc -o conftest -g -O2   conftest.c  >&5
configure:12825: $? = 0
configure:12825: result: yes
configure:12825: checking for setjmp
configure:12825: gcc -o conftest -g -O2   conftest.c  >&5
configure:12825: $? = 0
configure:12825: result: yes
configure:12825: checking for signal
configure:12825: gcc -o conftest -g -O2   conftest.c  >&5
configure:12825: $? = 0
configure:12825: result: yes
configure:12825: checking for snprintf
configure:12825: gcc -o conftest -g -O2   conftest.c  >&5
conftest.c:132: warning: conflicting types for built-in function 'snprintf'
configure:12825: $? = 0
configure:12825: result: yes
configure:12825: checking for strcasecmp
configure:12825: gcc -o conftest -g -O2   conftest.c  >&5
conftest.c:133: warning: conflicting types for built-in function 'strcasecmp'
configure:12825: $? = 0
configure:12825: result: yes
configure:12825: checking for strchr
configure:12825: gcc -o conftest -g -O2   conftest.c  >&5
conftest.c:134: warning: conflicting types for built-in function 'strchr'
configure:12825: $? = 0
configure:12825: result: yes
configure:12825: checking for strdup
configure:12825: gcc -o conftest -g -O2   conftest.c  >&5
conftest.c:135: warning: conflicting types for built-in function 'strdup'
configure:12825: $? = 0
configure:12825: result: yes
configure:12825: checking for strerror
configure:12825: gcc -o conftest -g -O2   conftest.c  >&5
configure:12825: $? = 0
configure:12825: result: yes
configure:12825: checking for strftime
configure:12825: gcc -o conftest -g -O2   conftest.c  >&5
conftest.c:137: warning: conflicting types for built-in function 'strftime'
configure:12825: $? = 0
configure:12825: result: yes
configure:12825: checking for stricmp
configure:12825: gcc -o conftest -g -O2   conftest.c  >&5
/tmp/cciAgGMH.o: In function `main':
/exports/work/inf_dir/jobs/PRACTICAL.3.0/lzo-2.05/conftest.c:149: undefined reference to `stricmp'
collect2: ld returned 1 exit status
configure:12825: $? = 1
configure: failed program was:
| /* confdefs.h */
| #define PACKAGE_NAME "LZO"
| #define PACKAGE_TARNAME "lzo"
| #define PACKAGE_VERSION "2.05"
| #define PACKAGE_STRING "LZO 2.05"
| #define PACKAGE_BUGREPORT "markus@oberhumer.com"
| #define PACKAGE_URL "http://www.oberhumer.com/opensource/lzo/"
| #define STDC_HEADERS 1
| #define HAVE_SYS_TYPES_H 1
| #define HAVE_SYS_STAT_H 1
| #define HAVE_STDLIB_H 1
| #define HAVE_STRING_H 1
| #define HAVE_MEMORY_H 1
| #define HAVE_STRINGS_H 1
| #define HAVE_INTTYPES_H 1
| #define HAVE_STDINT_H 1
| #define HAVE_UNISTD_H 1
| #define LZO_ABI_LITTLE_ENDIAN 1
| #define PACKAGE "lzo"
| #define VERSION "2.05"
| #define HAVE_DLFCN_H 1
| #define LT_OBJDIR ".libs/"
| #define TIME_WITH_SYS_TIME 1
| #define HAVE_ASSERT_H 1
| #define HAVE_CTYPE_H 1
| #define HAVE_DIRENT_H 1
| #define HAVE_ERRNO_H 1
| #define HAVE_FCNTL_H 1
| #define HAVE_FLOAT_H 1
| #define HAVE_LIMITS_H 1
| #define HAVE_MALLOC_H 1
| #define HAVE_MEMORY_H 1
| #define HAVE_SETJMP_H 1
| #define HAVE_SIGNAL_H 1
| #define HAVE_STDARG_H 1
| #define HAVE_STDDEF_H 1
| #define HAVE_STDINT_H 1
| #define HAVE_STDIO_H 1
| #define HAVE_STDLIB_H 1
| #define HAVE_STRING_H 1
| #define HAVE_STRINGS_H 1
| #define HAVE_TIME_H 1
| #define HAVE_UNISTD_H 1
| #define HAVE_UTIME_H 1
| #define HAVE_SYS_MMAN_H 1
| #define HAVE_SYS_RESOURCE_H 1
| #define HAVE_SYS_STAT_H 1
| #define HAVE_SYS_TIME_H 1
| #define HAVE_SYS_TYPES_H 1
| #define HAVE_SYS_WAIT_H 1
| #define RETSIGTYPE void
| #define SIZEOF_SHORT 2
| #define SIZEOF_INT 4
| #define SIZEOF_LONG 8
| #define SIZEOF_LONG_LONG 8
| #define SIZEOF___INT16 0
| #define SIZEOF___INT32 0
| #define SIZEOF___INT64 0
| #define SIZEOF_VOID_P 8
| #define SIZEOF_SIZE_T 8
| #define SIZEOF_PTRDIFF_T 8
| #define SIZEOF___INT32 0
| #define SIZEOF_INTMAX_T 8
| #define SIZEOF_UINTMAX_T 8
| #define SIZEOF_INTPTR_T 8
| #define SIZEOF_UINTPTR_T 8
| #define SIZEOF_FLOAT 4
| #define SIZEOF_DOUBLE 8
| #define SIZEOF_LONG_DOUBLE 16
| #define SIZEOF_DEV_T 8
| #define SIZEOF_FPOS_T 16
| #define SIZEOF_MODE_T 4
| #define SIZEOF_OFF_T 8
| #define SIZEOF_SSIZE_T 8
| #define SIZEOF_TIME_T 8
| #define HAVE_ACCESS 1
| #define HAVE_ATEXIT 1
| #define HAVE_ATOI 1
| #define HAVE_ATOL 1
| #define HAVE_CHMOD 1
| #define HAVE_CHOWN 1
| #define HAVE_CTIME 1
| #define HAVE_DIFFTIME 1
| #define HAVE_FSTAT 1
| #define HAVE_GETENV 1
| #define HAVE_GETPAGESIZE 1
| #define HAVE_GETRUSAGE 1
| #define HAVE_GETTIMEOFDAY 1
| #define HAVE_GMTIME 1
| #define HAVE_ISATTY 1
| #define HAVE_LOCALTIME 1
| #define HAVE_LONGJMP 1
| #define HAVE_LSTAT 1
| #define HAVE_MEMCMP 1
| #define HAVE_MEMCPY 1
| #define HAVE_MEMMOVE 1
| #define HAVE_MEMSET 1
| #define HAVE_MKDIR 1
| #define HAVE_MKTIME 1
| #define HAVE_MMAP 1
| #define HAVE_MPROTECT 1
| #define HAVE_MUNMAP 1
| #define HAVE_QSORT 1
| #define HAVE_RAISE 1
| #define HAVE_RMDIR 1
| #define HAVE_SETJMP 1
| #define HAVE_SIGNAL 1
| #define HAVE_SNPRINTF 1
| #define HAVE_STRCASECMP 1
| #define HAVE_STRCHR 1
| #define HAVE_STRDUP 1
| #define HAVE_STRERROR 1
| #define HAVE_STRFTIME 1
| /* end confdefs.h.  */
| /* Define stricmp to an innocuous variant, in case <limits.h> declares stricmp.
|    For example, HP-UX 11i <limits.h> declares gettimeofday.  */
| #define stricmp innocuous_stricmp
| 
| /* System header to define __stub macros and hopefully few prototypes,
|     which can conflict with char stricmp (); below.
|     Prefer <limits.h> to <assert.h> if __STDC__ is defined, since
|     <limits.h> exists even on freestanding compilers.  */
| 
| #ifdef __STDC__
| # include <limits.h>
| #else
| # include <assert.h>
| #endif
| 
| #undef stricmp
| 
| /* Override any GCC internal prototype to avoid an error.
|    Use char because int might match the return type of a GCC
|    builtin and then its argument prototype would still apply.  */
| #ifdef __cplusplus
| extern "C"
| #endif
| char stricmp ();
| /* The GNU C library defines this for functions which it implements
|     to always fail with ENOSYS.  Some functions are actually named
|     something starting with __ and the normal name is an alias.  */
| #if defined __stub_stricmp || defined __stub___stricmp
| choke me
| #endif
| 
| int
| main ()
| {
| return stricmp ();
|   ;
|   return 0;
| }
configure:12825: result: no
configure:12825: checking for strncasecmp
configure:12825: gcc -o conftest -g -O2   conftest.c  >&5
conftest.c:138: warning: conflicting types for built-in function 'strncasecmp'
configure:12825: $? = 0
configure:12825: result: yes
configure:12825: checking for strnicmp
configure:12825: gcc -o conftest -g -O2   conftest.c  >&5
/tmp/ccapJTLS.o: In function `main':
/exports/work/inf_dir/jobs/PRACTICAL.3.0/lzo-2.05/conftest.c:150: undefined reference to `strnicmp'
collect2: ld returned 1 exit status
configure:12825: $? = 1
configure: failed program was:
| /* confdefs.h */
| #define PACKAGE_NAME "LZO"
| #define PACKAGE_TARNAME "lzo"
| #define PACKAGE_VERSION "2.05"
| #define PACKAGE_STRING "LZO 2.05"
| #define PACKAGE_BUGREPORT "markus@oberhumer.com"
| #define PACKAGE_URL "http://www.oberhumer.com/opensource/lzo/"
| #define STDC_HEADERS 1
| #define HAVE_SYS_TYPES_H 1
| #define HAVE_SYS_STAT_H 1
| #define HAVE_STDLIB_H 1
| #define HAVE_STRING_H 1
| #define HAVE_MEMORY_H 1
| #define HAVE_STRINGS_H 1
| #define HAVE_INTTYPES_H 1
| #define HAVE_STDINT_H 1
| #define HAVE_UNISTD_H 1
| #define LZO_ABI_LITTLE_ENDIAN 1
| #define PACKAGE "lzo"
| #define VERSION "2.05"
| #define HAVE_DLFCN_H 1
| #define LT_OBJDIR ".libs/"
| #define TIME_WITH_SYS_TIME 1
| #define HAVE_ASSERT_H 1
| #define HAVE_CTYPE_H 1
| #define HAVE_DIRENT_H 1
| #define HAVE_ERRNO_H 1
| #define HAVE_FCNTL_H 1
| #define HAVE_FLOAT_H 1
| #define HAVE_LIMITS_H 1
| #define HAVE_MALLOC_H 1
| #define HAVE_MEMORY_H 1
| #define HAVE_SETJMP_H 1
| #define HAVE_SIGNAL_H 1
| #define HAVE_STDARG_H 1
| #define HAVE_STDDEF_H 1
| #define HAVE_STDINT_H 1
| #define HAVE_STDIO_H 1
| #define HAVE_STDLIB_H 1
| #define HAVE_STRING_H 1
| #define HAVE_STRINGS_H 1
| #define HAVE_TIME_H 1
| #define HAVE_UNISTD_H 1
| #define HAVE_UTIME_H 1
| #define HAVE_SYS_MMAN_H 1
| #define HAVE_SYS_RESOURCE_H 1
| #define HAVE_SYS_STAT_H 1
| #define HAVE_SYS_TIME_H 1
| #define HAVE_SYS_TYPES_H 1
| #define HAVE_SYS_WAIT_H 1
| #define RETSIGTYPE void
| #define SIZEOF_SHORT 2
| #define SIZEOF_INT 4
| #define SIZEOF_LONG 8
| #define SIZEOF_LONG_LONG 8
| #define SIZEOF___INT16 0
| #define SIZEOF___INT32 0
| #define SIZEOF___INT64 0
| #define SIZEOF_VOID_P 8
| #define SIZEOF_SIZE_T 8
| #define SIZEOF_PTRDIFF_T 8
| #define SIZEOF___INT32 0
| #define SIZEOF_INTMAX_T 8
| #define SIZEOF_UINTMAX_T 8
| #define SIZEOF_INTPTR_T 8
| #define SIZEOF_UINTPTR_T 8
| #define SIZEOF_FLOAT 4
| #define SIZEOF_DOUBLE 8
| #define SIZEOF_LONG_DOUBLE 16
| #define SIZEOF_DEV_T 8
| #define SIZEOF_FPOS_T 16
| #define SIZEOF_MODE_T 4
| #define SIZEOF_OFF_T 8
| #define SIZEOF_SSIZE_T 8
| #define SIZEOF_TIME_T 8
| #define HAVE_ACCESS 1
| #define HAVE_ATEXIT 1
| #define HAVE_ATOI 1
| #define HAVE_ATOL 1
| #define HAVE_CHMOD 1
| #define HAVE_CHOWN 1
| #define HAVE_CTIME 1
| #define HAVE_DIFFTIME 1
| #define HAVE_FSTAT 1
| #define HAVE_GETENV 1
| #define HAVE_GETPAGESIZE 1
| #define HAVE_GETRUSAGE 1
| #define HAVE_GETTIMEOFDAY 1
| #define HAVE_GMTIME 1
| #define HAVE_ISATTY 1
| #define HAVE_LOCALTIME 1
| #define HAVE_LONGJMP 1
| #define HAVE_LSTAT 1
| #define HAVE_MEMCMP 1
| #define HAVE_MEMCPY 1
| #define HAVE_MEMMOVE 1
| #define HAVE_MEMSET 1
| #define HAVE_MKDIR 1
| #define HAVE_MKTIME 1
| #define HAVE_MMAP 1
| #define HAVE_MPROTECT 1
| #define HAVE_MUNMAP 1
| #define HAVE_QSORT 1
| #define HAVE_RAISE 1
| #define HAVE_RMDIR 1
| #define HAVE_SETJMP 1
| #define HAVE_SIGNAL 1
| #define HAVE_SNPRINTF 1
| #define HAVE_STRCASECMP 1
| #define HAVE_STRCHR 1
| #define HAVE_STRDUP 1
| #define HAVE_STRERROR 1
| #define HAVE_STRFTIME 1
| #define HAVE_STRNCASECMP 1
| /* end confdefs.h.  */
| /* Define strnicmp to an innocuous variant, in case <limits.h> declares strnicmp.
|    For example, HP-UX 11i <limits.h> declares gettimeofday.  */
| #define strnicmp innocuous_strnicmp
| 
| /* System header to define __stub macros and hopefully few prototypes,
|     which can conflict with char strnicmp (); below.
|     Prefer <limits.h> to <assert.h> if __STDC__ is defined, since
|     <limits.h> exists even on freestanding compilers.  */
| 
| #ifdef __STDC__
| # include <limits.h>
| #else
| # include <assert.h>
| #endif
| 
| #undef strnicmp
| 
| /* Override any GCC internal prototype to avoid an error.
|    Use char because int might match the return type of a GCC
|    builtin and then its argument prototype would still apply.  */
| #ifdef __cplusplus
| extern "C"
| #endif
| char strnicmp ();
| /* The GNU C library defines this for functions which it implements
|     to always fail with ENOSYS.  Some functions are actually named
|     something starting with __ and the normal name is an alias.  */
| #if defined __stub_strnicmp || defined __stub___strnicmp
| choke me
| #endif
| 
| int
| main ()
| {
| return strnicmp ();
|   ;
|   return 0;
| }
configure:12825: result: no
configure:12825: checking for strrchr
configure:12825: gcc -o conftest -g -O2   conftest.c  >&5
conftest.c:139: warning: conflicting types for built-in function 'strrchr'
configure:12825: $? = 0
configure:12825: result: yes
configure:12825: checking for strstr
configure:12825: gcc -o conftest -g -O2   conftest.c  >&5
conftest.c:140: warning: conflicting types for built-in function 'strstr'
configure:12825: $? = 0
configure:12825: result: yes
configure:12825: checking for time
configure:12825: gcc -o conftest -g -O2   conftest.c  >&5
configure:12825: $? = 0
configure:12825: result: yes
configure:12825: checking for umask
configure:12825: gcc -o conftest -g -O2   conftest.c  >&5
configure:12825: $? = 0
configure:12825: result: yes
configure:12825: checking for utime
configure:12825: gcc -o conftest -g -O2   conftest.c  >&5
configure:12825: $? = 0
configure:12825: result: yes
configure:12825: checking for vsnprintf
configure:12825: gcc -o conftest -g -O2   conftest.c  >&5
conftest.c:144: warning: conflicting types for built-in function 'vsnprintf'
configure:12825: $? = 0
configure:12825: result: yes
configure:12870: checking whether to build assembly versions
configure:12878: gcc -g -O2 -c conftest.S 1>&5
conftest.S:1:96: error: /exports/work/inf_dir/jobs/PRACTICAL.3.0/lzo-2.05/asm/amd64/src_gas/elf64/lzo1x_f1.S: No such file or directory
configure:12881: $? = 1
configure: failed program was:
#include "/exports/work/inf_dir/jobs/PRACTICAL.3.0/lzo-2.05/asm/amd64/src_gas/elf64/lzo1x_f1.S"
configure:12900: result: no
configure:12930: checking whether your compiler passes the ACC conformance test
configure:12975: gcc -c -g -O2 -I.  conftest.c >&5
configure:12975: $? = 0
configure:12983: result: yes
configure:13158: creating ./config.status

## ---------------------- ##
## Running config.status. ##
## ---------------------- ##

This file was extended by LZO config.status 2.05, which was
generated by GNU Autoconf 2.67.  Invocation command line was

  CONFIG_FILES    = 
  CONFIG_HEADERS  = 
  CONFIG_LINKS    = 
  CONFIG_COMMANDS = 
  $ ./config.status 

on frontend05

config.status:1189: creating Makefile
config.status:1189: creating config.h
config.status:1369: config.h is unchanged
config.status:1417: executing depfiles commands
config.status:1417: executing libtool commands

## ---------------- ##
## Cache variables. ##
## ---------------- ##

ac_cv_build=x86_64-unknown-linux-gnu
ac_cv_c_bigendian=no
ac_cv_c_compiler_gnu=yes
ac_cv_c_const=yes
ac_cv_env_CCASFLAGS_set=
ac_cv_env_CCASFLAGS_value=
ac_cv_env_CCAS_set=
ac_cv_env_CCAS_value=
ac_cv_env_CC_set=
ac_cv_env_CC_value=
ac_cv_env_CFLAGS_set=
ac_cv_env_CFLAGS_value=
ac_cv_env_CPPFLAGS_set=
ac_cv_env_CPPFLAGS_value=
ac_cv_env_CPP_set=
ac_cv_env_CPP_value=
ac_cv_env_LDFLAGS_set=
ac_cv_env_LDFLAGS_value=
ac_cv_env_LIBS_set=
ac_cv_env_LIBS_value=
ac_cv_env_build_alias_set=
ac_cv_env_build_alias_value=
ac_cv_env_host_alias_set=
ac_cv_env_host_alias_value=
ac_cv_env_target_alias_set=
ac_cv_env_target_alias_value=
ac_cv_func_access=yes
ac_cv_func_alloca=no
ac_cv_func_atexit=yes
ac_cv_func_atoi=yes
ac_cv_func_atol=yes
ac_cv_func_chmod=yes
ac_cv_func_chown=yes
ac_cv_func_clock_getcpuclockid=no
ac_cv_func_clock_getres=no
ac_cv_func_clock_gettime=no
ac_cv_func_ctime=yes
ac_cv_func_difftime=yes
ac_cv_func_fstat=yes
ac_cv_func_getenv=yes
ac_cv_func_getpagesize=yes
ac_cv_func_getrusage=yes
ac_cv_func_gettimeofday=yes
ac_cv_func_gmtime=yes
ac_cv_func_isatty=yes
ac_cv_func_localtime=yes
ac_cv_func_longjmp=yes
ac_cv_func_lstat=yes
ac_cv_func_memcmp=yes
ac_cv_func_memcpy=yes
ac_cv_func_memmove=yes
ac_cv_func_memset=yes
ac_cv_func_mkdir=yes
ac_cv_func_mktime=yes
ac_cv_func_mmap=yes
ac_cv_func_mprotect=yes
ac_cv_func_munmap=yes
ac_cv_func_qsort=yes
ac_cv_func_raise=yes
ac_cv_func_rmdir=yes
ac_cv_func_setjmp=yes
ac_cv_func_signal=yes
ac_cv_func_snprintf=yes
ac_cv_func_strcasecmp=yes
ac_cv_func_strchr=yes
ac_cv_func_strdup=yes
ac_cv_func_strerror=yes
ac_cv_func_strftime=yes
ac_cv_func_stricmp=no
ac_cv_func_strncasecmp=yes
ac_cv_func_strnicmp=no
ac_cv_func_strrchr=yes
ac_cv_func_strstr=yes
ac_cv_func_time=yes
ac_cv_func_umask=yes
ac_cv_func_utime=yes
ac_cv_func_vsnprintf=yes
ac_cv_header_assert_h=yes
ac_cv_header_ctype_h=yes
ac_cv_header_dirent_h=yes
ac_cv_header_dlfcn_h=yes
ac_cv_header_errno_h=yes
ac_cv_header_fcntl_h=yes
ac_cv_header_float_h=yes
ac_cv_header_inttypes_h=yes
ac_cv_header_limits_h=yes
ac_cv_header_malloc_h=yes
ac_cv_header_memory_h=yes
ac_cv_header_setjmp_h=yes
ac_cv_header_signal_h=yes
ac_cv_header_stdarg_h=yes
ac_cv_header_stdc=yes
ac_cv_header_stddef_h=yes
ac_cv_header_stdint_h=yes
ac_cv_header_stdio_h=yes
ac_cv_header_stdlib_h=yes
ac_cv_header_string_h=yes
ac_cv_header_strings_h=yes
ac_cv_header_sys_mman_h=yes
ac_cv_header_sys_resource_h=yes
ac_cv_header_sys_stat_h=yes
ac_cv_header_sys_time_h=yes
ac_cv_header_sys_types_h=yes
ac_cv_header_sys_wait_h=yes
ac_cv_header_time=yes
ac_cv_header_time_h=yes
ac_cv_header_unistd_h=yes
ac_cv_header_utime_h=yes
ac_cv_host=x86_64-unknown-linux-gnu
ac_cv_objext=o
ac_cv_path_EGREP='/bin/grep -E'
ac_cv_path_FGREP='/bin/grep -F'
ac_cv_path_GREP=/bin/grep
ac_cv_path_SED=/bin/sed
ac_cv_path_install='/usr/bin/install -c'
ac_cv_path_mkdir=/bin/mkdir
ac_cv_prog_AWK=gawk
ac_cv_prog_CPP='gcc -E'
ac_cv_prog_ac_ct_AR=ar
ac_cv_prog_ac_ct_CC=gcc
ac_cv_prog_ac_ct_OBJDUMP=objdump
ac_cv_prog_ac_ct_RANLIB=ranlib
ac_cv_prog_ac_ct_STRIP=strip
ac_cv_prog_cc_c89=
ac_cv_prog_cc_g=yes
ac_cv_prog_cc_gcc_c_o=yes
ac_cv_prog_make_make_set=yes
ac_cv_sizeof___int16=0
ac_cv_sizeof___int32=0
ac_cv_sizeof___int64=0
ac_cv_sizeof_dev_t=8
ac_cv_sizeof_double=8
ac_cv_sizeof_float=4
ac_cv_sizeof_fpos_t=16
ac_cv_sizeof_int=4
ac_cv_sizeof_intmax_t=8
ac_cv_sizeof_intptr_t=8
ac_cv_sizeof_long=8
ac_cv_sizeof_long_double=16
ac_cv_sizeof_long_long=8
ac_cv_sizeof_mode_t=4
ac_cv_sizeof_off_t=8
ac_cv_sizeof_ptrdiff_t=8
ac_cv_sizeof_short=2
ac_cv_sizeof_size_t=8
ac_cv_sizeof_ssize_t=8
ac_cv_sizeof_time_t=8
ac_cv_sizeof_uintmax_t=8
ac_cv_sizeof_uintptr_t=8
ac_cv_sizeof_void_p=8
ac_cv_sys_file_offset_bits=no
ac_cv_sys_largefile_CC=no
ac_cv_target=x86_64-unknown-linux-gnu
ac_cv_type_off_t=yes
ac_cv_type_ptrdiff_t=yes
ac_cv_type_signal=void
ac_cv_type_size_t=yes
am_cv_CCAS_dependencies_compiler_type=gcc3
am_cv_CC_dependencies_compiler_type=gcc3
lt_cv_deplibs_check_method=pass_all
lt_cv_file_magic_cmd='$MAGIC_CMD'
lt_cv_file_magic_test_file=
lt_cv_ld_reload_flag=-r
lt_cv_nm_interface='BSD nm'
lt_cv_objdir=.libs
lt_cv_path_LD=/usr/bin/ld
lt_cv_path_NM='/usr/bin/nm -B'
lt_cv_prog_compiler_c_o=yes
lt_cv_prog_compiler_pic_works=yes
lt_cv_prog_compiler_rtti_exceptions=no
lt_cv_prog_compiler_static_works=yes
lt_cv_prog_gnu_ld=yes
lt_cv_shlibpath_overrides_runpath=no
lt_cv_sys_global_symbol_pipe='sed -n -e '\''s/^.*[	 ]\([ABCDGIRSTW][ABCDGIRSTW]*\)[	 ][	 ]*\([_A-Za-z][_A-Za-z0-9]*\)$/\1 \2 \2/p'\'''
lt_cv_sys_global_symbol_to_c_name_address='sed -n -e '\''s/^: \([^ ]*\) $/  {\"\1\", (void *) 0},/p'\'' -e '\''s/^[ABCDGIRSTW]* \([^ ]*\) \([^ ]*\)$/  {"\2", (void *) \&\2},/p'\'''
lt_cv_sys_global_symbol_to_c_name_address_lib_prefix='sed -n -e '\''s/^: \([^ ]*\) $/  {\"\1\", (void *) 0},/p'\'' -e '\''s/^[ABCDGIRSTW]* \([^ ]*\) \(lib[^ ]*\)$/  {"\2", (void *) \&\2},/p'\'' -e '\''s/^[ABCDGIRSTW]* \([^ ]*\) \([^ ]*\)$/  {"lib\2", (void *) \&\2},/p'\'''
lt_cv_sys_global_symbol_to_cdecl='sed -n -e '\''s/^T .* \(.*\)$/extern int \1();/p'\'' -e '\''s/^[ABCDGIRSTW]* .* \(.*\)$/extern char \1;/p'\'''
lt_cv_sys_max_cmd_len=1966080
mfx_cv_header_sane_limits_h=yes

## ----------------- ##
## Output variables. ##
## ----------------- ##

ACLOCAL='${SHELL} /exports/work/inf_dir/jobs/PRACTICAL.3.0/lzo-2.05/autoconf/missing --run aclocal-1.11'
AMDEPBACKSLASH='\'
AMDEP_FALSE='#'
AMDEP_TRUE=''
AMTAR='${SHELL} /exports/work/inf_dir/jobs/PRACTICAL.3.0/lzo-2.05/autoconf/missing --run tar'
AM_BACKSLASH='\'
AM_DEFAULT_VERBOSITY='0'
AR='ar'
AUTOCONF='${SHELL} /exports/work/inf_dir/jobs/PRACTICAL.3.0/lzo-2.05/autoconf/missing --run autoconf'
AUTOHEADER='${SHELL} /exports/work/inf_dir/jobs/PRACTICAL.3.0/lzo-2.05/autoconf/missing --run autoheader'
AUTOMAKE='${SHELL} /exports/work/inf_dir/jobs/PRACTICAL.3.0/lzo-2.05/autoconf/missing --run automake-1.11'
AWK='gawk'
CC='gcc'
CCAS='gcc'
CCASDEPMODE='depmode=gcc3'
CCASFLAGS='-g -O2'
CCDEPMODE='depmode=gcc3'
CFLAGS='-g -O2'
CPP='gcc -E'
CPPFLAGS=''
CYGPATH_W='echo'
DEFS='-DLZO_HAVE_CONFIG_H=1'
DEPDIR='.deps'
DSYMUTIL=''
DUMPBIN=''
ECHO_C=''
ECHO_N='-n'
ECHO_T=''
EGREP='/bin/grep -E'
EXEEXT=''
FGREP='/bin/grep -F'
GREP='/bin/grep'
INSTALL_DATA='${INSTALL} -m 644'
INSTALL_PROGRAM='${INSTALL}'
INSTALL_SCRIPT='${INSTALL}'
INSTALL_STRIP_PROGRAM='$(install_sh) -c -s'
LD='/usr/bin/ld -m elf_x86_64'
LDFLAGS=''
LIBOBJS=''
LIBS=''
LIBTOOL='$(SHELL) $(top_builddir)/libtool'
LIPO=''
LN_S='ln -s'
LTLIBOBJS=''
LZO_USE_ASM_i386_obj_elf32_FALSE=''
LZO_USE_ASM_i386_obj_elf32_TRUE='#'
LZO_USE_ASM_i386_src_gas_FALSE=''
LZO_USE_ASM_i386_src_gas_TRUE='#'
MAINT='#'
MAINTAINER_MODE_FALSE=''
MAINTAINER_MODE_TRUE='#'
MAKEINFO='${SHELL} /exports/work/inf_dir/jobs/PRACTICAL.3.0/lzo-2.05/autoconf/missing --run makeinfo'
MKDIR_P='/bin/mkdir -p'
NM='/usr/bin/nm -B'
NMEDIT=''
OBJDUMP='objdump'
OBJEXT='o'
OTOOL64=''
OTOOL=''
PACKAGE='lzo'
PACKAGE_BUGREPORT='markus@oberhumer.com'
PACKAGE_NAME='LZO'
PACKAGE_STRING='LZO 2.05'
PACKAGE_TARNAME='lzo'
PACKAGE_URL='http://www.oberhumer.com/opensource/lzo/'
PACKAGE_VERSION='2.05'
PATH_SEPARATOR=':'
RANLIB='ranlib'
SED='/bin/sed'
SET_MAKE=''
SHELL='/bin/sh'
STRIP='strip'
VERSION='2.05'
ac_ct_CC='gcc'
ac_ct_DUMPBIN=''
am__EXEEXT_FALSE=''
am__EXEEXT_TRUE='#'
am__fastdepCCAS_FALSE='#'
am__fastdepCCAS_TRUE=''
am__fastdepCC_FALSE='#'
am__fastdepCC_TRUE=''
am__include='include'
am__isrc=''
am__leading_dot='.'
am__quote=''
am__tar='${AMTAR} chof - "$$tardir"'
am__untar='${AMTAR} xf -'
bindir='${exec_prefix}/bin'
build='x86_64-unknown-linux-gnu'
build_alias=''
build_cpu='x86_64'
build_os='linux-gnu'
build_vendor='unknown'
datadir='${datarootdir}'
datarootdir='${prefix}/share'
docdir='${datarootdir}/doc/${PACKAGE_TARNAME}'
dvidir='${docdir}'
exec_prefix='${prefix}'
host='x86_64-unknown-linux-gnu'
host_alias=''
host_cpu='x86_64'
host_os='linux-gnu'
host_vendor='unknown'
htmldir='${docdir}'
includedir='${prefix}/include'
infodir='${datarootdir}/info'
install_sh='${SHELL} /exports/work/inf_dir/jobs/PRACTICAL.3.0/lzo-2.05/autoconf/install-sh'
libdir='${exec_prefix}/lib'
libexecdir='${exec_prefix}/libexec'
localedir='${datarootdir}/locale'
localstatedir='${prefix}/var'
mandir='${datarootdir}/man'
mkdir_p='/bin/mkdir -p'
oldincludedir='/usr/include'
pdfdir='${docdir}'
prefix='/exports/work/inf_dir/jobs/PRACTICAL.3.0/lzo-2.05/bin'
program_transform_name='s,x,x,'
psdir='${docdir}'
sbindir='${exec_prefix}/sbin'
sharedstatedir='${prefix}/com'
sysconfdir='${prefix}/etc'
target='x86_64-unknown-linux-gnu'
target_alias=''
target_cpu='x86_64'
target_os='linux-gnu'
target_vendor='unknown'

## ----------- ##
## confdefs.h. ##
## ----------- ##

/* confdefs.h */
#define PACKAGE_NAME "LZO"
#define PACKAGE_TARNAME "lzo"
#define PACKAGE_VERSION "2.05"
#define PACKAGE_STRING "LZO 2.05"
#define PACKAGE_BUGREPORT "markus@oberhumer.com"
#define PACKAGE_URL "http://www.oberhumer.com/opensource/lzo/"
#define STDC_HEADERS 1
#define HAVE_SYS_TYPES_H 1
#define HAVE_SYS_STAT_H 1
#define HAVE_STDLIB_H 1
#define HAVE_STRING_H 1
#define HAVE_MEMORY_H 1
#define HAVE_STRINGS_H 1
#define HAVE_INTTYPES_H 1
#define HAVE_STDINT_H 1
#define HAVE_UNISTD_H 1
#define LZO_ABI_LITTLE_ENDIAN 1
#define PACKAGE "lzo"
#define VERSION "2.05"
#define HAVE_DLFCN_H 1
#define LT_OBJDIR ".libs/"
#define TIME_WITH_SYS_TIME 1
#define HAVE_ASSERT_H 1
#define HAVE_CTYPE_H 1
#define HAVE_DIRENT_H 1
#define HAVE_ERRNO_H 1
#define HAVE_FCNTL_H 1
#define HAVE_FLOAT_H 1
#define HAVE_LIMITS_H 1
#define HAVE_MALLOC_H 1
#define HAVE_MEMORY_H 1
#define HAVE_SETJMP_H 1
#define HAVE_SIGNAL_H 1
#define HAVE_STDARG_H 1
#define HAVE_STDDEF_H 1
#define HAVE_STDINT_H 1
#define HAVE_STDIO_H 1
#define HAVE_STDLIB_H 1
#define HAVE_STRING_H 1
#define HAVE_STRINGS_H 1
#define HAVE_TIME_H 1
#define HAVE_UNISTD_H 1
#define HAVE_UTIME_H 1
#define HAVE_SYS_MMAN_H 1
#define HAVE_SYS_RESOURCE_H 1
#define HAVE_SYS_STAT_H 1
#define HAVE_SYS_TIME_H 1
#define HAVE_SYS_TYPES_H 1
#define HAVE_SYS_WAIT_H 1
#define RETSIGTYPE void
#define SIZEOF_SHORT 2
#define SIZEOF_INT 4
#define SIZEOF_LONG 8
#define SIZEOF_LONG_LONG 8
#define SIZEOF___INT16 0
#define SIZEOF___INT32 0
#define SIZEOF___INT64 0
#define SIZEOF_VOID_P 8
#define SIZEOF_SIZE_T 8
#define SIZEOF_PTRDIFF_T 8
#define SIZEOF___INT32 0
#define SIZEOF_INTMAX_T 8
#define SIZEOF_UINTMAX_T 8
#define SIZEOF_INTPTR_T 8
#define SIZEOF_UINTPTR_T 8
#define SIZEOF_FLOAT 4
#define SIZEOF_DOUBLE 8
#define SIZEOF_LONG_DOUBLE 16
#define SIZEOF_DEV_T 8
#define SIZEOF_FPOS_T 16
#define SIZEOF_MODE_T 4
#define SIZEOF_OFF_T 8
#define SIZEOF_SSIZE_T 8
#define SIZEOF_TIME_T 8
#define HAVE_ACCESS 1
#define HAVE_ATEXIT 1
#define HAVE_ATOI 1
#define HAVE_ATOL 1
#define HAVE_CHMOD 1
#define HAVE_CHOWN 1
#define HAVE_CTIME 1
#define HAVE_DIFFTIME 1
#define HAVE_FSTAT 1
#define HAVE_GETENV 1
#define HAVE_GETPAGESIZE 1
#define HAVE_GETRUSAGE 1
#define HAVE_GETTIMEOFDAY 1
#define HAVE_GMTIME 1
#define HAVE_ISATTY 1
#define HAVE_LOCALTIME 1
#define HAVE_LONGJMP 1
#define HAVE_LSTAT 1
#define HAVE_MEMCMP 1
#define HAVE_MEMCPY 1
#define HAVE_MEMMOVE 1
#define HAVE_MEMSET 1
#define HAVE_MKDIR 1
#define HAVE_MKTIME 1
#define HAVE_MMAP 1
#define HAVE_MPROTECT 1
#define HAVE_MUNMAP 1
#define HAVE_QSORT 1
#define HAVE_RAISE 1
#define HAVE_RMDIR 1
#define HAVE_SETJMP 1
#define HAVE_SIGNAL 1
#define HAVE_SNPRINTF 1
#define HAVE_STRCASECMP 1
#define HAVE_STRCHR 1
#define HAVE_STRDUP 1
#define HAVE_STRERROR 1
#define HAVE_STRFTIME 1
#define HAVE_STRNCASECMP 1
#define HAVE_STRRCHR 1
#define HAVE_STRSTR 1
#define HAVE_TIME 1
#define HAVE_UMASK 1
#define HAVE_UTIME 1
#define HAVE_VSNPRINTF 1

configure: exit 0
